<?xml version="1.0" encoding="UTF-8"?>
<testsuite xmlns:xsi="http://www.w3.org/2001/XMLSchema-instance" xsi:noNamespaceSchemaLocation="https://maven.apache.org/surefire/maven-surefire-plugin/xsd/surefire-test-report-3.0.xsd" version="3.0" name="com.sanmarcos.promecal.PromecalApplicationTests" time="8.087" tests="1" errors="0" skipped="0" failures="0">
  <properties>
[...]
</properties>
  <testcase name="contextLoads" classname="com.sanmarcos.promecal.PromecalApplicationTests" time="0.487">
    <system-out><![CDATA[22:21:17.145 [main] INFO org.springframework.test.context.support.AnnotationConfigContextLoaderUtils -- Could not detect default configuration classes for test class [com.sanmarcos.promecal.PromecalApplicationTests]: PromecalApplicationTests does not declare any static, non-private, non-final, nested classes annotated with @Configuration.
22:21:17.213 [main] INFO org.springframework.boot.test.context.SpringBootTestContextBootstrapper -- Found @SpringBootConfiguration com.sanmarcos.promecal.PromecalApplication for test class com.sanmarcos.promecal.PromecalApplicationTests
22:21:17.313 [main] INFO org.springframework.boot.devtools.restart.RestartApplicationListener -- Restart disabled due to context in which it is running

  .   ____          _            __ _ _
 /\\ / ___'_ __ _ _(_)_ __  __ _ \ \ \ \
( ( )\___ | '_ | '_| | '_ \/ _` | \ \ \ \
 \\/  ___)| |_)| | | | | || (_| |  ) ) ) )
  '  |____| .__|_| |_|_| |_\__, | / / / /
 =========|_|==============|___/=/_/_/_/

 :: Spring Boot ::                (v3.3.5)

2025-03-03T22:21:17.496-05:00 DEBUG 98074 --- [promecal] [kground-preinit] o.h.v.i.xml.config.ValidationXmlParser   : Trying to load META-INF/validation.xml for XML based Validator configuration.
2025-03-03T22:21:17.528-05:00 DEBUG 98074 --- [promecal] [kground-preinit] o.h.v.i.xml.config.ResourceLoaderHelper  : Trying to load META-INF/validation.xml via TCCL
2025-03-03T22:21:17.528-05:00 DEBUG 98074 --- [promecal] [kground-preinit] o.h.v.i.xml.config.ResourceLoaderHelper  : Trying to load META-INF/validation.xml via Hibernate Validator's class loader
2025-03-03T22:21:17.528-05:00 DEBUG 98074 --- [promecal] [kground-preinit] o.h.v.i.xml.config.ValidationXmlParser   : No META-INF/validation.xml found. Using annotation based configuration only.
2025-03-03T22:21:17.531-05:00 DEBUG 98074 --- [promecal] [kground-preinit] o.h.v.i.e.resolver.TraversableResolvers  : Found jakarta.persistence.Persistence on classpath containing 'getPersistenceUtil'. Assuming JPA 2 environment. Trying to instantiate JPA aware TraversableResolver
2025-03-03T22:21:17.532-05:00 DEBUG 98074 --- [promecal] [kground-preinit] o.h.v.i.e.resolver.TraversableResolvers  : Instantiated JPA aware TraversableResolver of type org.hibernate.validator.internal.engine.resolver.JPATraversableResolver.
2025-03-03T22:21:17.546-05:00 DEBUG 98074 --- [promecal] [kground-preinit] .h.v.m.ResourceBundleMessageInterpolator : Loaded expression factory via original TCCL
2025-03-03T22:21:17.555-05:00  INFO 98074 --- [promecal] [           main] c.s.promecal.PromecalApplicationTests    : Starting PromecalApplicationTests using Java 22.0.1 with PID 98074 (started by gerardoherreragomez in /Users/gerardoherreragomez/Desktop/promecal-backend-web-main)
2025-03-03T22:21:17.556-05:00  INFO 98074 --- [promecal] [           main] c.s.promecal.PromecalApplicationTests    : No active profile set, falling back to 1 default profile: "default"
2025-03-03T22:21:17.594-05:00 DEBUG 98074 --- [promecal] [kground-preinit] .i.e.ValidatorFactoryConfigurationHelper : HV000252: Using org.hibernate.validator.internal.engine.DefaultPropertyNodeNameProvider as property node name provider.
2025-03-03T22:21:17.598-05:00 DEBUG 98074 --- [promecal] [kground-preinit] .i.e.ValidatorFactoryConfigurationHelper : HV000234: Using org.hibernate.validator.messageinterpolation.ResourceBundleMessageInterpolator as ValidatorFactory-scoped message interpolator.
2025-03-03T22:21:17.598-05:00 DEBUG 98074 --- [promecal] [kground-preinit] .i.e.ValidatorFactoryConfigurationHelper : HV000234: Using org.hibernate.validator.internal.engine.resolver.JPATraversableResolver as ValidatorFactory-scoped traversable resolver.
2025-03-03T22:21:17.598-05:00 DEBUG 98074 --- [promecal] [kground-preinit] .i.e.ValidatorFactoryConfigurationHelper : HV000234: Using org.hibernate.validator.internal.util.ExecutableParameterNameProvider as ValidatorFactory-scoped parameter name provider.
2025-03-03T22:21:17.598-05:00 DEBUG 98074 --- [promecal] [kground-preinit] .i.e.ValidatorFactoryConfigurationHelper : HV000234: Using org.hibernate.validator.internal.engine.DefaultClockProvider as ValidatorFactory-scoped clock provider.
2025-03-03T22:21:17.598-05:00 DEBUG 98074 --- [promecal] [kground-preinit] .i.e.ValidatorFactoryConfigurationHelper : HV000234: Using org.hibernate.validator.internal.engine.scripting.DefaultScriptEvaluatorFactory as ValidatorFactory-scoped script evaluator factory.
2025-03-03T22:21:18.021-05:00  INFO 98074 --- [promecal] [           main] .s.d.r.c.RepositoryConfigurationDelegate : Bootstrapping Spring Data JPA repositories in DEFAULT mode.
2025-03-03T22:21:18.070-05:00  INFO 98074 --- [promecal] [           main] .s.d.r.c.RepositoryConfigurationDelegate : Finished Spring Data repository scanning in 44 ms. Found 7 JPA repository interfaces.
2025-03-03T22:21:18.375-05:00  INFO 98074 --- [promecal] [           main] com.zaxxer.hikari.HikariDataSource       : HikariPool-1 - Starting...
2025-03-03T22:21:21.073-05:00  INFO 98074 --- [promecal] [           main] com.zaxxer.hikari.pool.HikariPool        : HikariPool-1 - Added connection org.postgresql.jdbc.PgConnection@451e2fa9
2025-03-03T22:21:21.075-05:00  INFO 98074 --- [promecal] [           main] com.zaxxer.hikari.HikariDataSource       : HikariPool-1 - Start completed.
2025-03-03T22:21:21.147-05:00 DEBUG 98074 --- [promecal] [           main] o.hibernate.jpa.internal.util.LogHelper  : PersistenceUnitInfo [
	name: default
	persistence provider classname: null
	classloader: jdk.internal.loader.ClassLoaders$AppClassLoader@18769467
	excludeUnlistedClasses: true
	JTA datasource: null
	Non JTA datasource: HikariDataSource (HikariPool-1)
	Transaction type: RESOURCE_LOCAL
	PU root URL: file:/Users/gerardoherreragomez/Desktop/promecal-backend-web-main/target/test-classes/
	Shared Cache Mode: UNSPECIFIED
	Validation Mode: AUTO
	Jar files URLs []
	Managed classes names [
		com.sanmarcos.promecal.model.entity.Cliente
		com.sanmarcos.promecal.model.entity.Documento
		com.sanmarcos.promecal.model.entity.InformeDiagnostico
		com.sanmarcos.promecal.model.entity.OrdenTrabajo
		com.sanmarcos.promecal.model.entity.OrdenTrabajoHistorial
		com.sanmarcos.promecal.model.entity.ProformaServicio
		com.sanmarcos.promecal.model.entity.Usuario]
	Mapping files names []
	Properties []
2025-03-03T22:21:21.154-05:00 DEBUG 98074 --- [promecal] [           main] o.h.i.internal.IntegratorServiceImpl     : Adding Integrator [org.hibernate.boot.beanvalidation.BeanValidationIntegrator].
2025-03-03T22:21:21.155-05:00 DEBUG 98074 --- [promecal] [           main] o.h.i.internal.IntegratorServiceImpl     : Adding Integrator [org.hibernate.cache.internal.CollectionCacheInvalidator].
2025-03-03T22:21:21.193-05:00  INFO 98074 --- [promecal] [           main] org.hibernate.Version                    : HHH000412: Hibernate ORM core version 6.5.3.Final
2025-03-03T22:21:21.194-05:00 DEBUG 98074 --- [promecal] [           main] org.hibernate.cfg.Environment            : HHH000206: 'hibernate.properties' not found
2025-03-03T22:21:21.211-05:00 DEBUG 98074 --- [promecal] [           main] org.hibernate.orm.idgen.factory          : Registering IdentifierGenerator strategy [uuid2] -> [org.hibernate.id.UUIDGenerator]
2025-03-03T22:21:21.211-05:00 DEBUG 98074 --- [promecal] [           main] org.hibernate.orm.idgen.factory          : Registering IdentifierGenerator strategy [guid] -> [org.hibernate.id.GUIDGenerator]
2025-03-03T22:21:21.212-05:00 DEBUG 98074 --- [promecal] [           main] org.hibernate.orm.idgen.factory          : Registering IdentifierGenerator strategy [uuid] -> [org.hibernate.id.UUIDHexGenerator]
2025-03-03T22:21:21.212-05:00 DEBUG 98074 --- [promecal] [           main] org.hibernate.orm.idgen.factory          : Registering IdentifierGenerator strategy [uuid.hex] -> [org.hibernate.id.UUIDHexGenerator]
2025-03-03T22:21:21.212-05:00 DEBUG 98074 --- [promecal] [           main] org.hibernate.orm.idgen.factory          : Registering IdentifierGenerator strategy [assigned] -> [org.hibernate.id.Assigned]
2025-03-03T22:21:21.213-05:00 DEBUG 98074 --- [promecal] [           main] org.hibernate.orm.idgen.factory          : Registering IdentifierGenerator strategy [identity] -> [org.hibernate.id.IdentityGenerator]
2025-03-03T22:21:21.213-05:00 DEBUG 98074 --- [promecal] [           main] org.hibernate.orm.idgen.factory          : Registering IdentifierGenerator strategy [select] -> [org.hibernate.id.SelectGenerator]
2025-03-03T22:21:21.214-05:00 DEBUG 98074 --- [promecal] [           main] org.hibernate.orm.idgen.factory          : Registering IdentifierGenerator strategy [sequence] -> [org.hibernate.id.enhanced.SequenceStyleGenerator]
2025-03-03T22:21:21.214-05:00 DEBUG 98074 --- [promecal] [           main] org.hibernate.orm.idgen.factory          : Registering IdentifierGenerator strategy [increment] -> [org.hibernate.id.IncrementGenerator]
2025-03-03T22:21:21.214-05:00 DEBUG 98074 --- [promecal] [           main] org.hibernate.orm.idgen.factory          : Registering IdentifierGenerator strategy [foreign] -> [org.hibernate.id.ForeignGenerator]
2025-03-03T22:21:21.215-05:00 DEBUG 98074 --- [promecal] [           main] org.hibernate.orm.idgen.factory          : Registering IdentifierGenerator strategy [enhanced-sequence] -> [org.hibernate.id.enhanced.SequenceStyleGenerator]
2025-03-03T22:21:21.215-05:00 DEBUG 98074 --- [promecal] [           main] org.hibernate.orm.idgen.factory          : Registering IdentifierGenerator strategy [enhanced-table] -> [org.hibernate.id.enhanced.TableGenerator]
2025-03-03T22:21:21.221-05:00 DEBUG 98074 --- [promecal] [           main] o.h.c.internal.RegionFactoryInitiator    : Cannot default RegionFactory based on registered strategies as `[]` RegionFactory strategies were registered
2025-03-03T22:21:21.222-05:00  INFO 98074 --- [promecal] [           main] o.h.c.internal.RegionFactoryInitiator    : HHH000026: Second-level cache disabled
2025-03-03T22:21:21.271-05:00 DEBUG 98074 --- [promecal] [           main] org.hibernate.type.BasicTypeRegistry     : Adding type registration boolean -> org.hibernate.type.BasicTypeReference@2964511
2025-03-03T22:21:21.272-05:00 DEBUG 98074 --- [promecal] [           main] org.hibernate.type.BasicTypeRegistry     : Adding type registration boolean -> org.hibernate.type.BasicTypeReference@2964511
2025-03-03T22:21:21.272-05:00 DEBUG 98074 --- [promecal] [           main] org.hibernate.type.BasicTypeRegistry     : Adding type registration java.lang.Boolean -> org.hibernate.type.BasicTypeReference@2964511
2025-03-03T22:21:21.272-05:00 DEBUG 98074 --- [promecal] [           main] org.hibernate.type.BasicTypeRegistry     : Adding type registration numeric_boolean -> org.hibernate.type.BasicTypeReference@6e9a10cd
2025-03-03T22:21:21.272-05:00 DEBUG 98074 --- [promecal] [           main] org.hibernate.type.BasicTypeRegistry     : Adding type registration org.hibernate.type.NumericBooleanConverter -> org.hibernate.type.BasicTypeReference@6e9a10cd
2025-03-03T22:21:21.272-05:00 DEBUG 98074 --- [promecal] [           main] org.hibernate.type.BasicTypeRegistry     : Adding type registration true_false -> org.hibernate.type.BasicTypeReference@6ea66c33
2025-03-03T22:21:21.272-05:00 DEBUG 98074 --- [promecal] [           main] org.hibernate.type.BasicTypeRegistry     : Adding type registration org.hibernate.type.TrueFalseConverter -> org.hibernate.type.BasicTypeReference@6ea66c33
2025-03-03T22:21:21.272-05:00 DEBUG 98074 --- [promecal] [           main] org.hibernate.type.BasicTypeRegistry     : Adding type registration yes_no -> org.hibernate.type.BasicTypeReference@59b447a4
2025-03-03T22:21:21.272-05:00 DEBUG 98074 --- [promecal] [           main] org.hibernate.type.BasicTypeRegistry     : Adding type registration org.hibernate.type.YesNoConverter -> org.hibernate.type.BasicTypeReference@59b447a4
2025-03-03T22:21:21.272-05:00 DEBUG 98074 --- [promecal] [           main] org.hibernate.type.BasicTypeRegistry     : Adding type registration byte -> org.hibernate.type.BasicTypeReference@69ba3f4e
2025-03-03T22:21:21.272-05:00 DEBUG 98074 --- [promecal] [           main] org.hibernate.type.BasicTypeRegistry     : Adding type registration byte -> org.hibernate.type.BasicTypeReference@69ba3f4e
2025-03-03T22:21:21.272-05:00 DEBUG 98074 --- [promecal] [           main] org.hibernate.type.BasicTypeRegistry     : Adding type registration java.lang.Byte -> org.hibernate.type.BasicTypeReference@69ba3f4e
2025-03-03T22:21:21.273-05:00 DEBUG 98074 --- [promecal] [           main] org.hibernate.type.BasicTypeRegistry     : Adding type registration binary -> org.hibernate.type.BasicTypeReference@579846cc
2025-03-03T22:21:21.273-05:00 DEBUG 98074 --- [promecal] [           main] org.hibernate.type.BasicTypeRegistry     : Adding type registration byte[] -> org.hibernate.type.BasicTypeReference@579846cc
2025-03-03T22:21:21.273-05:00 DEBUG 98074 --- [promecal] [           main] org.hibernate.type.BasicTypeRegistry     : Adding type registration [B -> org.hibernate.type.BasicTypeReference@579846cc
2025-03-03T22:21:21.273-05:00 DEBUG 98074 --- [promecal] [           main] org.hibernate.type.BasicTypeRegistry     : Adding type registration binary_wrapper -> org.hibernate.type.BasicTypeReference@a826ff8
2025-03-03T22:21:21.273-05:00 DEBUG 98074 --- [promecal] [           main] org.hibernate.type.BasicTypeRegistry     : Adding type registration wrapper-binary -> org.hibernate.type.BasicTypeReference@a826ff8
2025-03-03T22:21:21.273-05:00 DEBUG 98074 --- [promecal] [           main] org.hibernate.type.BasicTypeRegistry     : Adding type registration image -> org.hibernate.type.BasicTypeReference@71f0806b
2025-03-03T22:21:21.273-05:00 DEBUG 98074 --- [promecal] [           main] org.hibernate.type.BasicTypeRegistry     : Adding type registration blob -> org.hibernate.type.BasicTypeReference@49889154
2025-03-03T22:21:21.273-05:00 DEBUG 98074 --- [promecal] [           main] org.hibernate.type.BasicTypeRegistry     : Adding type registration java.sql.Blob -> org.hibernate.type.BasicTypeReference@49889154
2025-03-03T22:21:21.273-05:00 DEBUG 98074 --- [promecal] [           main] org.hibernate.type.BasicTypeRegistry     : Adding type registration materialized_blob -> org.hibernate.type.BasicTypeReference@5c33008f
2025-03-03T22:21:21.273-05:00 DEBUG 98074 --- [promecal] [           main] org.hibernate.type.BasicTypeRegistry     : Adding type registration materialized_blob_wrapper -> org.hibernate.type.BasicTypeReference@45d7495e
2025-03-03T22:21:21.273-05:00 DEBUG 98074 --- [promecal] [           main] org.hibernate.type.BasicTypeRegistry     : Adding type registration short -> org.hibernate.type.BasicTypeReference@30517a57
2025-03-03T22:21:21.274-05:00 DEBUG 98074 --- [promecal] [           main] org.hibernate.type.BasicTypeRegistry     : Adding type registration short -> org.hibernate.type.BasicTypeReference@30517a57
2025-03-03T22:21:21.274-05:00 DEBUG 98074 --- [promecal] [           main] org.hibernate.type.BasicTypeRegistry     : Adding type registration java.lang.Short -> org.hibernate.type.BasicTypeReference@30517a57
2025-03-03T22:21:21.274-05:00 DEBUG 98074 --- [promecal] [           main] org.hibernate.type.BasicTypeRegistry     : Adding type registration integer -> org.hibernate.type.BasicTypeReference@3dde5f38
2025-03-03T22:21:21.274-05:00 DEBUG 98074 --- [promecal] [           main] org.hibernate.type.BasicTypeRegistry     : Adding type registration int -> org.hibernate.type.BasicTypeReference@3dde5f38
2025-03-03T22:21:21.274-05:00 DEBUG 98074 --- [promecal] [           main] org.hibernate.type.BasicTypeRegistry     : Adding type registration java.lang.Integer -> org.hibernate.type.BasicTypeReference@3dde5f38
2025-03-03T22:21:21.274-05:00 DEBUG 98074 --- [promecal] [           main] org.hibernate.type.BasicTypeRegistry     : Adding type registration long -> org.hibernate.type.BasicTypeReference@79ad1774
2025-03-03T22:21:21.275-05:00 DEBUG 98074 --- [promecal] [           main] org.hibernate.type.BasicTypeRegistry     : Adding type registration long -> org.hibernate.type.BasicTypeReference@79ad1774
2025-03-03T22:21:21.275-05:00 DEBUG 98074 --- [promecal] [           main] org.hibernate.type.BasicTypeRegistry     : Adding type registration java.lang.Long -> org.hibernate.type.BasicTypeReference@79ad1774
2025-03-03T22:21:21.275-05:00 DEBUG 98074 --- [promecal] [           main] org.hibernate.type.BasicTypeRegistry     : Adding type registration float -> org.hibernate.type.BasicTypeReference@64f3ca6
2025-03-03T22:21:21.275-05:00 DEBUG 98074 --- [promecal] [           main] org.hibernate.type.BasicTypeRegistry     : Adding type registration float -> org.hibernate.type.BasicTypeReference@64f3ca6
2025-03-03T22:21:21.275-05:00 DEBUG 98074 --- [promecal] [           main] org.hibernate.type.BasicTypeRegistry     : Adding type registration java.lang.Float -> org.hibernate.type.BasicTypeReference@64f3ca6
2025-03-03T22:21:21.275-05:00 DEBUG 98074 --- [promecal] [           main] org.hibernate.type.BasicTypeRegistry     : Adding type registration double -> org.hibernate.type.BasicTypeReference@3df77dfa
2025-03-03T22:21:21.275-05:00 DEBUG 98074 --- [promecal] [           main] org.hibernate.type.BasicTypeRegistry     : Adding type registration double -> org.hibernate.type.BasicTypeReference@3df77dfa
2025-03-03T22:21:21.276-05:00 DEBUG 98074 --- [promecal] [           main] org.hibernate.type.BasicTypeRegistry     : Adding type registration java.lang.Double -> org.hibernate.type.BasicTypeReference@3df77dfa
2025-03-03T22:21:21.276-05:00 DEBUG 98074 --- [promecal] [           main] org.hibernate.type.BasicTypeRegistry     : Adding type registration big_integer -> org.hibernate.type.BasicTypeReference@721fc2e3
2025-03-03T22:21:21.276-05:00 DEBUG 98074 --- [promecal] [           main] org.hibernate.type.BasicTypeRegistry     : Adding type registration java.math.BigInteger -> org.hibernate.type.BasicTypeReference@721fc2e3
2025-03-03T22:21:21.276-05:00 DEBUG 98074 --- [promecal] [           main] org.hibernate.type.BasicTypeRegistry     : Adding type registration big_decimal -> org.hibernate.type.BasicTypeReference@63187d63
2025-03-03T22:21:21.276-05:00 DEBUG 98074 --- [promecal] [           main] org.hibernate.type.BasicTypeRegistry     : Adding type registration java.math.BigDecimal -> org.hibernate.type.BasicTypeReference@63187d63
2025-03-03T22:21:21.276-05:00 DEBUG 98074 --- [promecal] [           main] org.hibernate.type.BasicTypeRegistry     : Adding type registration character -> org.hibernate.type.BasicTypeReference@1ccdc7aa
2025-03-03T22:21:21.276-05:00 DEBUG 98074 --- [promecal] [           main] org.hibernate.type.BasicTypeRegistry     : Adding type registration char -> org.hibernate.type.BasicTypeReference@1ccdc7aa
2025-03-03T22:21:21.276-05:00 DEBUG 98074 --- [promecal] [           main] org.hibernate.type.BasicTypeRegistry     : Adding type registration java.lang.Character -> org.hibernate.type.BasicTypeReference@1ccdc7aa
2025-03-03T22:21:21.276-05:00 DEBUG 98074 --- [promecal] [           main] org.hibernate.type.BasicTypeRegistry     : Adding type registration character_nchar -> org.hibernate.type.BasicTypeReference@1a536164
2025-03-03T22:21:21.276-05:00 DEBUG 98074 --- [promecal] [           main] org.hibernate.type.BasicTypeRegistry     : Adding type registration string -> org.hibernate.type.BasicTypeReference@1657b017
2025-03-03T22:21:21.276-05:00 DEBUG 98074 --- [promecal] [           main] org.hibernate.type.BasicTypeRegistry     : Adding type registration java.lang.String -> org.hibernate.type.BasicTypeReference@1657b017
2025-03-03T22:21:21.276-05:00 DEBUG 98074 --- [promecal] [           main] org.hibernate.type.BasicTypeRegistry     : Adding type registration nstring -> org.hibernate.type.BasicTypeReference@368424db
2025-03-03T22:21:21.277-05:00 DEBUG 98074 --- [promecal] [           main] org.hibernate.type.BasicTypeRegistry     : Adding type registration characters -> org.hibernate.type.BasicTypeReference@44864536
2025-03-03T22:21:21.277-05:00 DEBUG 98074 --- [promecal] [           main] org.hibernate.type.BasicTypeRegistry     : Adding type registration char[] -> org.hibernate.type.BasicTypeReference@44864536
2025-03-03T22:21:21.277-05:00 DEBUG 98074 --- [promecal] [           main] org.hibernate.type.BasicTypeRegistry     : Adding type registration [C -> org.hibernate.type.BasicTypeReference@44864536
2025-03-03T22:21:21.277-05:00 DEBUG 98074 --- [promecal] [           main] org.hibernate.type.BasicTypeRegistry     : Adding type registration wrapper-characters -> org.hibernate.type.BasicTypeReference@455f4483
2025-03-03T22:21:21.277-05:00 DEBUG 98074 --- [promecal] [           main] org.hibernate.type.BasicTypeRegistry     : Adding type registration text -> org.hibernate.type.BasicTypeReference@6e239337
2025-03-03T22:21:21.277-05:00 DEBUG 98074 --- [promecal] [           main] org.hibernate.type.BasicTypeRegistry     : Adding type registration ntext -> org.hibernate.type.BasicTypeReference@7996d0d4
2025-03-03T22:21:21.277-05:00 DEBUG 98074 --- [promecal] [           main] org.hibernate.type.BasicTypeRegistry     : Adding type registration clob -> org.hibernate.type.BasicTypeReference@fcf9525
2025-03-03T22:21:21.277-05:00 DEBUG 98074 --- [promecal] [           main] org.hibernate.type.BasicTypeRegistry     : Adding type registration java.sql.Clob -> org.hibernate.type.BasicTypeReference@fcf9525
2025-03-03T22:21:21.277-05:00 DEBUG 98074 --- [promecal] [           main] org.hibernate.type.BasicTypeRegistry     : Adding type registration nclob -> org.hibernate.type.BasicTypeReference@300bb303
2025-03-03T22:21:21.277-05:00 DEBUG 98074 --- [promecal] [           main] org.hibernate.type.BasicTypeRegistry     : Adding type registration java.sql.NClob -> org.hibernate.type.BasicTypeReference@300bb303
2025-03-03T22:21:21.277-05:00 DEBUG 98074 --- [promecal] [           main] org.hibernate.type.BasicTypeRegistry     : Adding type registration materialized_clob -> org.hibernate.type.BasicTypeReference@4243341e
2025-03-03T22:21:21.277-05:00 DEBUG 98074 --- [promecal] [           main] org.hibernate.type.BasicTypeRegistry     : Adding type registration materialized_clob_char_array -> org.hibernate.type.BasicTypeReference@d1c5cf2
2025-03-03T22:21:21.277-05:00 DEBUG 98074 --- [promecal] [           main] org.hibernate.type.BasicTypeRegistry     : Adding type registration materialized_clob_character_array -> org.hibernate.type.BasicTypeReference@7e0986c9
2025-03-03T22:21:21.277-05:00 DEBUG 98074 --- [promecal] [           main] org.hibernate.type.BasicTypeRegistry     : Adding type registration materialized_nclob -> org.hibernate.type.BasicTypeReference@1377b1a0
2025-03-03T22:21:21.277-05:00 DEBUG 98074 --- [promecal] [           main] org.hibernate.type.BasicTypeRegistry     : Adding type registration materialized_nclob_character_array -> org.hibernate.type.BasicTypeReference@48cf8414
2025-03-03T22:21:21.278-05:00 DEBUG 98074 --- [promecal] [           main] org.hibernate.type.BasicTypeRegistry     : Adding type registration materialized_nclob_char_array -> org.hibernate.type.BasicTypeReference@27dbaa33
2025-03-03T22:21:21.278-05:00 DEBUG 98074 --- [promecal] [           main] org.hibernate.type.BasicTypeRegistry     : Adding type registration Duration -> org.hibernate.type.BasicTypeReference@15d65fcf
2025-03-03T22:21:21.278-05:00 DEBUG 98074 --- [promecal] [           main] org.hibernate.type.BasicTypeRegistry     : Adding type registration java.time.Duration -> org.hibernate.type.BasicTypeReference@15d65fcf
2025-03-03T22:21:21.278-05:00 DEBUG 98074 --- [promecal] [           main] org.hibernate.type.BasicTypeRegistry     : Adding type registration LocalDateTime -> org.hibernate.type.BasicTypeReference@3b021664
2025-03-03T22:21:21.278-05:00 DEBUG 98074 --- [promecal] [           main] org.hibernate.type.BasicTypeRegistry     : Adding type registration java.time.LocalDateTime -> org.hibernate.type.BasicTypeReference@3b021664
2025-03-03T22:21:21.278-05:00 DEBUG 98074 --- [promecal] [           main] org.hibernate.type.BasicTypeRegistry     : Adding type registration LocalDate -> org.hibernate.type.BasicTypeReference@f59da34
2025-03-03T22:21:21.278-05:00 DEBUG 98074 --- [promecal] [           main] org.hibernate.type.BasicTypeRegistry     : Adding type registration java.time.LocalDate -> org.hibernate.type.BasicTypeReference@f59da34
2025-03-03T22:21:21.278-05:00 DEBUG 98074 --- [promecal] [           main] org.hibernate.type.BasicTypeRegistry     : Adding type registration LocalTime -> org.hibernate.type.BasicTypeReference@752973de
2025-03-03T22:21:21.278-05:00 DEBUG 98074 --- [promecal] [           main] org.hibernate.type.BasicTypeRegistry     : Adding type registration java.time.LocalTime -> org.hibernate.type.BasicTypeReference@752973de
2025-03-03T22:21:21.278-05:00 DEBUG 98074 --- [promecal] [           main] org.hibernate.type.BasicTypeRegistry     : Adding type registration OffsetDateTime -> org.hibernate.type.BasicTypeReference@52a67293
2025-03-03T22:21:21.278-05:00 DEBUG 98074 --- [promecal] [           main] org.hibernate.type.BasicTypeRegistry     : Adding type registration java.time.OffsetDateTime -> org.hibernate.type.BasicTypeReference@52a67293
2025-03-03T22:21:21.278-05:00 DEBUG 98074 --- [promecal] [           main] org.hibernate.type.BasicTypeRegistry     : Adding type registration OffsetDateTimeWithTimezone -> org.hibernate.type.BasicTypeReference@793cef95
2025-03-03T22:21:21.278-05:00 DEBUG 98074 --- [promecal] [           main] org.hibernate.type.BasicTypeRegistry     : Adding type registration OffsetDateTimeWithoutTimezone -> org.hibernate.type.BasicTypeReference@38f502fc
2025-03-03T22:21:21.278-05:00 DEBUG 98074 --- [promecal] [           main] org.hibernate.type.BasicTypeRegistry     : Adding type registration OffsetTime -> org.hibernate.type.BasicTypeReference@67c21bf
2025-03-03T22:21:21.278-05:00 DEBUG 98074 --- [promecal] [           main] org.hibernate.type.BasicTypeRegistry     : Adding type registration java.time.OffsetTime -> org.hibernate.type.BasicTypeReference@67c21bf
2025-03-03T22:21:21.278-05:00 DEBUG 98074 --- [promecal] [           main] org.hibernate.type.BasicTypeRegistry     : Adding type registration OffsetTimeUtc -> org.hibernate.type.BasicTypeReference@67afe909
2025-03-03T22:21:21.279-05:00 DEBUG 98074 --- [promecal] [           main] org.hibernate.type.BasicTypeRegistry     : Adding type registration OffsetTimeWithTimezone -> org.hibernate.type.BasicTypeReference@79f1e22e
2025-03-03T22:21:21.279-05:00 DEBUG 98074 --- [promecal] [           main] org.hibernate.type.BasicTypeRegistry     : Adding type registration OffsetTimeWithoutTimezone -> org.hibernate.type.BasicTypeReference@6903ed0e
2025-03-03T22:21:21.279-05:00 DEBUG 98074 --- [promecal] [           main] org.hibernate.type.BasicTypeRegistry     : Adding type registration ZonedDateTime -> org.hibernate.type.BasicTypeReference@e154848
2025-03-03T22:21:21.279-05:00 DEBUG 98074 --- [promecal] [           main] org.hibernate.type.BasicTypeRegistry     : Adding type registration java.time.ZonedDateTime -> org.hibernate.type.BasicTypeReference@e154848
2025-03-03T22:21:21.279-05:00 DEBUG 98074 --- [promecal] [           main] org.hibernate.type.BasicTypeRegistry     : Adding type registration ZonedDateTimeWithTimezone -> org.hibernate.type.BasicTypeReference@16ea0f22
2025-03-03T22:21:21.279-05:00 DEBUG 98074 --- [promecal] [           main] org.hibernate.type.BasicTypeRegistry     : Adding type registration ZonedDateTimeWithoutTimezone -> org.hibernate.type.BasicTypeReference@60fc7f43
2025-03-03T22:21:21.279-05:00 DEBUG 98074 --- [promecal] [           main] org.hibernate.type.BasicTypeRegistry     : Adding type registration date -> org.hibernate.type.BasicTypeReference@16e195cf
2025-03-03T22:21:21.279-05:00 DEBUG 98074 --- [promecal] [           main] org.hibernate.type.BasicTypeRegistry     : Adding type registration java.sql.Date -> org.hibernate.type.BasicTypeReference@16e195cf
2025-03-03T22:21:21.279-05:00 DEBUG 98074 --- [promecal] [           main] org.hibernate.type.BasicTypeRegistry     : Adding type registration time -> org.hibernate.type.BasicTypeReference@3212d853
2025-03-03T22:21:21.279-05:00 DEBUG 98074 --- [promecal] [           main] org.hibernate.type.BasicTypeRegistry     : Adding type registration java.sql.Time -> org.hibernate.type.BasicTypeReference@3212d853
2025-03-03T22:21:21.279-05:00 DEBUG 98074 --- [promecal] [           main] org.hibernate.type.BasicTypeRegistry     : Adding type registration timestamp -> org.hibernate.type.BasicTypeReference@74c7522c
2025-03-03T22:21:21.279-05:00 DEBUG 98074 --- [promecal] [           main] org.hibernate.type.BasicTypeRegistry     : Adding type registration java.sql.Timestamp -> org.hibernate.type.BasicTypeReference@74c7522c
2025-03-03T22:21:21.279-05:00 DEBUG 98074 --- [promecal] [           main] org.hibernate.type.BasicTypeRegistry     : Adding type registration java.util.Date -> org.hibernate.type.BasicTypeReference@74c7522c
2025-03-03T22:21:21.279-05:00 DEBUG 98074 --- [promecal] [           main] org.hibernate.type.BasicTypeRegistry     : Adding type registration calendar -> org.hibernate.type.BasicTypeReference@77c23d90
2025-03-03T22:21:21.279-05:00 DEBUG 98074 --- [promecal] [           main] org.hibernate.type.BasicTypeRegistry     : Adding type registration java.util.Calendar -> org.hibernate.type.BasicTypeReference@77c23d90
2025-03-03T22:21:21.279-05:00 DEBUG 98074 --- [promecal] [           main] org.hibernate.type.BasicTypeRegistry     : Adding type registration java.util.GregorianCalendar -> org.hibernate.type.BasicTypeReference@77c23d90
2025-03-03T22:21:21.280-05:00 DEBUG 98074 --- [promecal] [           main] org.hibernate.type.BasicTypeRegistry     : Adding type registration calendar_date -> org.hibernate.type.BasicTypeReference@6d17914a
2025-03-03T22:21:21.280-05:00 DEBUG 98074 --- [promecal] [           main] org.hibernate.type.BasicTypeRegistry     : Adding type registration calendar_time -> org.hibernate.type.BasicTypeReference@77b71c9
2025-03-03T22:21:21.280-05:00 DEBUG 98074 --- [promecal] [           main] org.hibernate.type.BasicTypeRegistry     : Adding type registration instant -> org.hibernate.type.BasicTypeReference@6133e20b
2025-03-03T22:21:21.280-05:00 DEBUG 98074 --- [promecal] [           main] org.hibernate.type.BasicTypeRegistry     : Adding type registration java.time.Instant -> org.hibernate.type.BasicTypeReference@6133e20b
2025-03-03T22:21:21.280-05:00 DEBUG 98074 --- [promecal] [           main] org.hibernate.type.BasicTypeRegistry     : Adding type registration uuid -> org.hibernate.type.BasicTypeReference@30ffb2a6
2025-03-03T22:21:21.280-05:00 DEBUG 98074 --- [promecal] [           main] org.hibernate.type.BasicTypeRegistry     : Adding type registration java.util.UUID -> org.hibernate.type.BasicTypeReference@30ffb2a6
2025-03-03T22:21:21.280-05:00 DEBUG 98074 --- [promecal] [           main] org.hibernate.type.BasicTypeRegistry     : Adding type registration pg-uuid -> org.hibernate.type.BasicTypeReference@30ffb2a6
2025-03-03T22:21:21.280-05:00 DEBUG 98074 --- [promecal] [           main] org.hibernate.type.BasicTypeRegistry     : Adding type registration uuid-binary -> org.hibernate.type.BasicTypeReference@612af486
2025-03-03T22:21:21.280-05:00 DEBUG 98074 --- [promecal] [           main] org.hibernate.type.BasicTypeRegistry     : Adding type registration uuid-char -> org.hibernate.type.BasicTypeReference@3d033453
2025-03-03T22:21:21.280-05:00 DEBUG 98074 --- [promecal] [           main] org.hibernate.type.BasicTypeRegistry     : Adding type registration class -> org.hibernate.type.BasicTypeReference@43deba42
2025-03-03T22:21:21.280-05:00 DEBUG 98074 --- [promecal] [           main] org.hibernate.type.BasicTypeRegistry     : Adding type registration java.lang.Class -> org.hibernate.type.BasicTypeReference@43deba42
2025-03-03T22:21:21.281-05:00 DEBUG 98074 --- [promecal] [           main] org.hibernate.type.BasicTypeRegistry     : Adding type registration currency -> org.hibernate.type.BasicTypeReference@e795a1d
2025-03-03T22:21:21.281-05:00 DEBUG 98074 --- [promecal] [           main] org.hibernate.type.BasicTypeRegistry     : Adding type registration Currency -> org.hibernate.type.BasicTypeReference@e795a1d
2025-03-03T22:21:21.281-05:00 DEBUG 98074 --- [promecal] [           main] org.hibernate.type.BasicTypeRegistry     : Adding type registration java.util.Currency -> org.hibernate.type.BasicTypeReference@e795a1d
2025-03-03T22:21:21.281-05:00 DEBUG 98074 --- [promecal] [           main] org.hibernate.type.BasicTypeRegistry     : Adding type registration locale -> org.hibernate.type.BasicTypeReference@38c10190
2025-03-03T22:21:21.281-05:00 DEBUG 98074 --- [promecal] [           main] org.hibernate.type.BasicTypeRegistry     : Adding type registration java.util.Locale -> org.hibernate.type.BasicTypeReference@38c10190
2025-03-03T22:21:21.281-05:00 DEBUG 98074 --- [promecal] [           main] org.hibernate.type.BasicTypeRegistry     : Adding type registration serializable -> org.hibernate.type.BasicTypeReference@1cc41b77
2025-03-03T22:21:21.281-05:00 DEBUG 98074 --- [promecal] [           main] org.hibernate.type.BasicTypeRegistry     : Adding type registration java.io.Serializable -> org.hibernate.type.BasicTypeReference@1cc41b77
2025-03-03T22:21:21.281-05:00 DEBUG 98074 --- [promecal] [           main] org.hibernate.type.BasicTypeRegistry     : Adding type registration timezone -> org.hibernate.type.BasicTypeReference@2a7ebe07
2025-03-03T22:21:21.281-05:00 DEBUG 98074 --- [promecal] [           main] org.hibernate.type.BasicTypeRegistry     : Adding type registration java.util.TimeZone -> org.hibernate.type.BasicTypeReference@2a7ebe07
2025-03-03T22:21:21.281-05:00 DEBUG 98074 --- [promecal] [           main] org.hibernate.type.BasicTypeRegistry     : Adding type registration ZoneOffset -> org.hibernate.type.BasicTypeReference@6e93b0e7
2025-03-03T22:21:21.281-05:00 DEBUG 98074 --- [promecal] [           main] org.hibernate.type.BasicTypeRegistry     : Adding type registration java.time.ZoneOffset -> org.hibernate.type.BasicTypeReference@6e93b0e7
2025-03-03T22:21:21.281-05:00 DEBUG 98074 --- [promecal] [           main] org.hibernate.type.BasicTypeRegistry     : Adding type registration url -> org.hibernate.type.BasicTypeReference@5eeee124
2025-03-03T22:21:21.281-05:00 DEBUG 98074 --- [promecal] [           main] org.hibernate.type.BasicTypeRegistry     : Adding type registration java.net.URL -> org.hibernate.type.BasicTypeReference@5eeee124
2025-03-03T22:21:21.281-05:00 DEBUG 98074 --- [promecal] [           main] org.hibernate.type.BasicTypeRegistry     : Adding type registration vector -> org.hibernate.type.BasicTypeReference@62cd562d
2025-03-03T22:21:21.281-05:00 DEBUG 98074 --- [promecal] [           main] org.hibernate.type.BasicTypeRegistry     : Adding type registration row_version -> org.hibernate.type.BasicTypeReference@3d1c52f5
2025-03-03T22:21:21.285-05:00 DEBUG 98074 --- [promecal] [           main] org.hibernate.type.BasicTypeRegistry     : Adding type registration object -> org.hibernate.type.JavaObjectType@6a51ae7c
2025-03-03T22:21:21.285-05:00 DEBUG 98074 --- [promecal] [           main] org.hibernate.type.BasicTypeRegistry     : Adding type registration java.lang.Object -> org.hibernate.type.JavaObjectType@6a51ae7c
2025-03-03T22:21:21.285-05:00 DEBUG 98074 --- [promecal] [           main] org.hibernate.type.BasicTypeRegistry     : Adding type registration null -> org.hibernate.type.NullType@2c16677c
2025-03-03T22:21:21.285-05:00 DEBUG 98074 --- [promecal] [           main] org.hibernate.type.BasicTypeRegistry     : Adding type registration imm_date -> org.hibernate.type.BasicTypeReference@27d73d22
2025-03-03T22:21:21.286-05:00 DEBUG 98074 --- [promecal] [           main] org.hibernate.type.BasicTypeRegistry     : Adding type registration imm_time -> org.hibernate.type.BasicTypeReference@7fd751de
2025-03-03T22:21:21.286-05:00 DEBUG 98074 --- [promecal] [           main] org.hibernate.type.BasicTypeRegistry     : Adding type registration imm_timestamp -> org.hibernate.type.BasicTypeReference@e162a35
2025-03-03T22:21:21.286-05:00 DEBUG 98074 --- [promecal] [           main] org.hibernate.type.BasicTypeRegistry     : Adding type registration imm_calendar -> org.hibernate.type.BasicTypeReference@1124910c
2025-03-03T22:21:21.286-05:00 DEBUG 98074 --- [promecal] [           main] org.hibernate.type.BasicTypeRegistry     : Adding type registration imm_calendar_date -> org.hibernate.type.BasicTypeReference@f849027
2025-03-03T22:21:21.286-05:00 DEBUG 98074 --- [promecal] [           main] org.hibernate.type.BasicTypeRegistry     : Adding type registration imm_calendar_time -> org.hibernate.type.BasicTypeReference@4a9869a8
2025-03-03T22:21:21.286-05:00 DEBUG 98074 --- [promecal] [           main] org.hibernate.type.BasicTypeRegistry     : Adding type registration imm_binary -> org.hibernate.type.BasicTypeReference@75e0a54c
2025-03-03T22:21:21.286-05:00 DEBUG 98074 --- [promecal] [           main] org.hibernate.type.BasicTypeRegistry     : Adding type registration imm_serializable -> org.hibernate.type.BasicTypeReference@40f9f60d
2025-03-03T22:21:21.290-05:00 DEBUG 98074 --- [promecal] [           main] o.h.boot.internal.BootstrapContextImpl   : Injecting JPA temp ClassLoader [org.springframework.instrument.classloading.SimpleThrowawayClassLoader@9c0d0bd] into BootstrapContext; was [null]
2025-03-03T22:21:21.290-05:00 DEBUG 98074 --- [promecal] [           main] o.h.boot.internal.ClassLoaderAccessImpl  : ClassLoaderAccessImpl#injectTempClassLoader(org.springframework.instrument.classloading.SimpleThrowawayClassLoader@9c0d0bd) [was null]
2025-03-03T22:21:21.291-05:00 DEBUG 98074 --- [promecal] [           main] o.h.boot.internal.BootstrapContextImpl   : Injecting ScanEnvironment [org.hibernate.jpa.boot.internal.StandardJpaScanEnvironmentImpl@30d5e37c] into BootstrapContext; was [null]
2025-03-03T22:21:21.291-05:00 DEBUG 98074 --- [promecal] [           main] o.h.boot.internal.BootstrapContextImpl   : Injecting ScanOptions [org.hibernate.boot.archive.scan.internal.StandardScanOptions@1da745a2] into BootstrapContext; was [org.hibernate.boot.archive.scan.internal.StandardScanOptions@4597e6e3]
2025-03-03T22:21:21.470-05:00  INFO 98074 --- [promecal] [           main] o.s.o.j.p.SpringPersistenceUnitInfo      : No LoadTimeWeaver setup: ignoring JPA class transformer
2025-03-03T22:21:21.470-05:00 DEBUG 98074 --- [promecal] [           main] o.h.boot.internal.BootstrapContextImpl   : Injecting JPA temp ClassLoader [null] into BootstrapContext; was [org.springframework.instrument.classloading.SimpleThrowawayClassLoader@9c0d0bd]
2025-03-03T22:21:21.470-05:00 DEBUG 98074 --- [promecal] [           main] o.h.boot.internal.ClassLoaderAccessImpl  : ClassLoaderAccessImpl#injectTempClassLoader(null) [was org.springframework.instrument.classloading.SimpleThrowawayClassLoader@9c0d0bd]
2025-03-03T22:21:21.494-05:00 DEBUG 98074 --- [promecal] [           main] o.h.e.j.e.i.JdbcEnvironmentInitiator     : Database ->
	   name : PostgreSQL
	version : 17.4
	  major : 17
	  minor : 4
2025-03-03T22:21:21.494-05:00 DEBUG 98074 --- [promecal] [           main] o.h.e.j.e.i.JdbcEnvironmentInitiator     : Driver ->
	   name : PostgreSQL JDBC Driver
	version : 42.7.4
	  major : 42
	  minor : 7
2025-03-03T22:21:21.494-05:00 DEBUG 98074 --- [promecal] [           main] o.h.e.j.e.i.JdbcEnvironmentInitiator     : JDBC version : 4.2
2025-03-03T22:21:21.768-05:00 DEBUG 98074 --- [promecal] [           main] org.hibernate.orm.dialect                : HHH035001: Using dialect: org.hibernate.dialect.PostgreSQLDialect, version: 17.4
2025-03-03T22:21:21.770-05:00 DEBUG 98074 --- [promecal] [           main] o.h.e.j.env.spi.IdentifierHelperBuilder  : JDBC driver metadata reported database stores quoted identifiers in neither upper, lower nor mixed case
2025-03-03T22:21:22.069-05:00 DEBUG 98074 --- [promecal] [           main] org.hibernate.orm.jdbc.lob               : HHH10010004: Disabling contextual LOB creation as Dialect reported it is not supported
2025-03-03T22:21:22.081-05:00 DEBUG 98074 --- [promecal] [           main] o.h.t.d.sql.spi.DdlTypeRegistry          : addDescriptor(2003, org.hibernate.type.descriptor.sql.internal.ArrayDdlTypeImpl@14239223) replaced previous registration(org.hibernate.type.descriptor.sql.internal.ArrayDdlTypeImpl@68df8c6)
2025-03-03T22:21:22.081-05:00 DEBUG 98074 --- [promecal] [           main] o.h.t.d.sql.spi.DdlTypeRegistry          : addDescriptor(6, org.hibernate.type.descriptor.sql.internal.CapacityDependentDdlType@7c206b14) replaced previous registration(org.hibernate.type.descriptor.sql.internal.DdlTypeImpl@2b8cf049)
2025-03-03T22:21:22.083-05:00 DEBUG 98074 --- [promecal] [           main] o.h.t.d.jdbc.spi.JdbcTypeRegistry        : addDescriptor(2004, BlobTypeDescriptor(BLOB_BINDING)) replaced previous registration(BlobTypeDescriptor(DEFAULT))
2025-03-03T22:21:22.084-05:00 DEBUG 98074 --- [promecal] [           main] o.h.t.d.jdbc.spi.JdbcTypeRegistry        : addDescriptor(2005, ClobTypeDescriptor(CLOB_BINDING)) replaced previous registration(ClobTypeDescriptor(DEFAULT))
2025-03-03T22:21:22.092-05:00 DEBUG 98074 --- [promecal] [           main] org.hibernate.type.BasicTypeRegistry     : Adding type registration JAVA_OBJECT -> org.hibernate.type.JavaObjectType@77a9ac36
2025-03-03T22:21:22.093-05:00 DEBUG 98074 --- [promecal] [           main] org.hibernate.type.BasicTypeRegistry     : Adding type registration java.lang.Object -> org.hibernate.type.JavaObjectType@77a9ac36
2025-03-03T22:21:22.093-05:00 DEBUG 98074 --- [promecal] [           main] org.hibernate.type.BasicTypeRegistry     : Type registration key [java.lang.Object] overrode previous entry : `org.hibernate.type.JavaObjectType@6a51ae7c`
2025-03-03T22:21:22.101-05:00 DEBUG 98074 --- [promecal] [           main] org.hibernate.type.BasicTypeRegistry     : Adding type registration org.hibernate.type.DurationType -> basicType@1(java.time.Duration,3015)
2025-03-03T22:21:22.101-05:00 DEBUG 98074 --- [promecal] [           main] org.hibernate.type.BasicTypeRegistry     : Adding type registration Duration -> basicType@1(java.time.Duration,3015)
2025-03-03T22:21:22.101-05:00 DEBUG 98074 --- [promecal] [           main] org.hibernate.type.BasicTypeRegistry     : Adding type registration java.time.Duration -> basicType@1(java.time.Duration,3015)
2025-03-03T22:21:22.107-05:00 DEBUG 98074 --- [promecal] [           main] org.hibernate.type.BasicTypeRegistry     : Adding type registration org.hibernate.type.OffsetDateTimeType -> basicType@2(java.time.OffsetDateTime,3003)
2025-03-03T22:21:22.107-05:00 DEBUG 98074 --- [promecal] [           main] org.hibernate.type.BasicTypeRegistry     : Adding type registration OffsetDateTime -> basicType@2(java.time.OffsetDateTime,3003)
2025-03-03T22:21:22.107-05:00 DEBUG 98074 --- [promecal] [           main] org.hibernate.type.BasicTypeRegistry     : Adding type registration java.time.OffsetDateTime -> basicType@2(java.time.OffsetDateTime,3003)
2025-03-03T22:21:22.107-05:00 DEBUG 98074 --- [promecal] [           main] org.hibernate.type.BasicTypeRegistry     : Adding type registration org.hibernate.type.ZonedDateTimeType -> basicType@3(java.time.ZonedDateTime,3003)
2025-03-03T22:21:22.108-05:00 DEBUG 98074 --- [promecal] [           main] org.hibernate.type.BasicTypeRegistry     : Adding type registration ZonedDateTime -> basicType@3(java.time.ZonedDateTime,3003)
2025-03-03T22:21:22.108-05:00 DEBUG 98074 --- [promecal] [           main] org.hibernate.type.BasicTypeRegistry     : Adding type registration java.time.ZonedDateTime -> basicType@3(java.time.ZonedDateTime,3003)
2025-03-03T22:21:22.122-05:00 DEBUG 98074 --- [promecal] [           main] org.hibernate.type.BasicTypeRegistry     : Adding type registration org.hibernate.type.OffsetTimeType -> basicType@4(java.time.OffsetTime,3007)
2025-03-03T22:21:22.138-05:00 DEBUG 98074 --- [promecal] [           main] org.hibernate.type.BasicTypeRegistry     : Adding type registration OffsetTime -> basicType@4(java.time.OffsetTime,3007)
2025-03-03T22:21:22.141-05:00 DEBUG 98074 --- [promecal] [           main] org.hibernate.type.BasicTypeRegistry     : Adding type registration java.time.OffsetTime -> basicType@4(java.time.OffsetTime,3007)
2025-03-03T22:21:22.143-05:00 DEBUG 98074 --- [promecal] [           main] o.h.type.spi.TypeConfiguration$Scope     : Scoping TypeConfiguration [org.hibernate.type.spi.TypeConfiguration@543da15] to MetadataBuildingContext [org.hibernate.boot.internal.MetadataBuildingContextRootImpl@69d7bc1a]
2025-03-03T22:21:22.181-05:00 DEBUG 98074 --- [promecal] [           main] o.h.boot.model.relational.Namespace      : Created database namespace [logicalName=Name{catalog=null, schema=null}, physicalName=Name{catalog=null, schema=null}]
2025-03-03T22:21:22.215-05:00 DEBUG 98074 --- [promecal] [           main] o.h.boot.model.internal.EntityBinder     : Binding entity from annotated class: com.sanmarcos.promecal.model.entity.Cliente
2025-03-03T22:21:22.224-05:00 DEBUG 98074 --- [promecal] [           main] o.h.boot.model.internal.EntityBinder     : Import with entity name Cliente
2025-03-03T22:21:22.240-05:00 DEBUG 98074 --- [promecal] [           main] o.h.boot.model.internal.EntityBinder     : Bind entity com.sanmarcos.promecal.model.entity.Cliente on table clientes
2025-03-03T22:21:22.259-05:00 DEBUG 98074 --- [promecal] [           main] o.h.boot.model.internal.AnnotatedColumn  : Binding column: AnnotatedDiscriminatorColumn(column='DTYPE')
2025-03-03T22:21:22.300-05:00 DEBUG 98074 --- [promecal] [           main] o.h.boot.model.internal.AnnotatedColumn  : Binding column: AnnotatedColumn(column='id')
2025-03-03T22:21:22.305-05:00 DEBUG 98074 --- [promecal] [           main] o.h.boot.internal.ClassLoaderAccessImpl  : Not known whether passed class name [com.sanmarcos.promecal.model.entity.Cliente] is safe
2025-03-03T22:21:22.306-05:00 DEBUG 98074 --- [promecal] [           main] o.h.boot.internal.ClassLoaderAccessImpl  : No temp ClassLoader provided; using live ClassLoader for loading potentially unsafe class : com.sanmarcos.promecal.model.entity.Cliente
2025-03-03T22:21:22.322-05:00 DEBUG 98074 --- [promecal] [           main] o.h.boot.model.internal.PropertyBinder   : MetadataSourceProcessor property id with lazy=false
2025-03-03T22:21:22.338-05:00 DEBUG 98074 --- [promecal] [           main] o.h.b.m.internal.AbstractPropertyHolder  : Attempting to locate auto-apply AttributeConverter for property [com.sanmarcos.promecal.model.entity.Cliente:id]
2025-03-03T22:21:22.345-05:00 DEBUG 98074 --- [promecal] [           main] o.h.b.model.internal.BasicValueBinder    : building BasicValue for id
2025-03-03T22:21:22.357-05:00 DEBUG 98074 --- [promecal] [           main] org.hibernate.mapping.BasicValue         : Skipping column re-registration: clientes.id
2025-03-03T22:21:22.364-05:00 DEBUG 98074 --- [promecal] [           main] o.h.boot.model.internal.PropertyBinder   : Building property id
2025-03-03T22:21:22.377-05:00 DEBUG 98074 --- [promecal] [           main] o.h.boot.model.internal.BinderHelper     : #makeIdGenerator(BasicValue([Column(id)]), id, identity, , ...)
2025-03-03T22:21:22.379-05:00 DEBUG 98074 --- [promecal] [           main] o.h.boot.model.internal.AnnotatedColumn  : Binding column: AnnotatedColumn(column='celular')
2025-03-03T22:21:22.380-05:00 DEBUG 98074 --- [promecal] [           main] o.h.boot.model.internal.PropertyBinder   : MetadataSourceProcessor property celular with lazy=false
2025-03-03T22:21:22.380-05:00 DEBUG 98074 --- [promecal] [           main] o.h.b.m.internal.AbstractPropertyHolder  : Attempting to locate auto-apply AttributeConverter for property [com.sanmarcos.promecal.model.entity.Cliente:celular]
2025-03-03T22:21:22.381-05:00 DEBUG 98074 --- [promecal] [           main] o.h.b.model.internal.BasicValueBinder    : building BasicValue for celular
2025-03-03T22:21:22.381-05:00 DEBUG 98074 --- [promecal] [           main] org.hibernate.mapping.BasicValue         : Skipping column re-registration: clientes.celular
2025-03-03T22:21:22.381-05:00 DEBUG 98074 --- [promecal] [           main] o.h.boot.model.internal.PropertyBinder   : Building property celular
2025-03-03T22:21:22.383-05:00 DEBUG 98074 --- [promecal] [           main] o.h.boot.model.internal.AnnotatedColumn  : Binding column: AnnotatedColumn(column='direccion')
2025-03-03T22:21:22.384-05:00 DEBUG 98074 --- [promecal] [           main] o.h.boot.model.internal.PropertyBinder   : MetadataSourceProcessor property direccion with lazy=false
2025-03-03T22:21:22.386-05:00 DEBUG 98074 --- [promecal] [           main] o.h.b.m.internal.AbstractPropertyHolder  : Attempting to locate auto-apply AttributeConverter for property [com.sanmarcos.promecal.model.entity.Cliente:direccion]
2025-03-03T22:21:22.388-05:00 DEBUG 98074 --- [promecal] [           main] o.h.b.model.internal.BasicValueBinder    : building BasicValue for direccion
2025-03-03T22:21:22.388-05:00 DEBUG 98074 --- [promecal] [           main] org.hibernate.mapping.BasicValue         : Skipping column re-registration: clientes.direccion
2025-03-03T22:21:22.388-05:00 DEBUG 98074 --- [promecal] [           main] o.h.boot.model.internal.PropertyBinder   : Building property direccion
2025-03-03T22:21:22.389-05:00 DEBUG 98074 --- [promecal] [           main] o.h.boot.model.internal.AnnotatedColumn  : Binding column: AnnotatedColumn(column='dni')
2025-03-03T22:21:22.390-05:00 DEBUG 98074 --- [promecal] [           main] o.h.boot.model.internal.PropertyBinder   : MetadataSourceProcessor property dni with lazy=false
2025-03-03T22:21:22.391-05:00 DEBUG 98074 --- [promecal] [           main] o.h.b.m.internal.AbstractPropertyHolder  : Attempting to locate auto-apply AttributeConverter for property [com.sanmarcos.promecal.model.entity.Cliente:dni]
2025-03-03T22:21:22.391-05:00 DEBUG 98074 --- [promecal] [           main] o.h.b.model.internal.BasicValueBinder    : building BasicValue for dni
2025-03-03T22:21:22.391-05:00 DEBUG 98074 --- [promecal] [           main] org.hibernate.mapping.BasicValue         : Skipping column re-registration: clientes.dni
2025-03-03T22:21:22.391-05:00 DEBUG 98074 --- [promecal] [           main] o.h.boot.model.internal.PropertyBinder   : Building property dni
2025-03-03T22:21:22.392-05:00 DEBUG 98074 --- [promecal] [           main] o.h.boot.model.internal.AnnotatedColumn  : Binding column: AnnotatedColumn(column='nombrecompleto')
2025-03-03T22:21:22.392-05:00 DEBUG 98074 --- [promecal] [           main] o.h.boot.model.internal.PropertyBinder   : MetadataSourceProcessor property nombreCompleto with lazy=false
2025-03-03T22:21:22.392-05:00 DEBUG 98074 --- [promecal] [           main] o.h.b.m.internal.AbstractPropertyHolder  : Attempting to locate auto-apply AttributeConverter for property [com.sanmarcos.promecal.model.entity.Cliente:nombreCompleto]
2025-03-03T22:21:22.392-05:00 DEBUG 98074 --- [promecal] [           main] o.h.b.model.internal.BasicValueBinder    : building BasicValue for nombreCompleto
2025-03-03T22:21:22.392-05:00 DEBUG 98074 --- [promecal] [           main] org.hibernate.mapping.BasicValue         : Skipping column re-registration: clientes.nombrecompleto
2025-03-03T22:21:22.392-05:00 DEBUG 98074 --- [promecal] [           main] o.h.boot.model.internal.PropertyBinder   : Building property nombreCompleto
2025-03-03T22:21:22.397-05:00 DEBUG 98074 --- [promecal] [           main] o.h.boot.model.internal.AnnotatedColumn  : Binding column: AnnotatedJoinColumn()
2025-03-03T22:21:22.402-05:00 DEBUG 98074 --- [promecal] [           main] o.h.boot.model.internal.AnnotatedColumn  : Binding column: AnnotatedColumn()
2025-03-03T22:21:22.426-05:00 DEBUG 98074 --- [promecal] [           main] o.h.boot.model.internal.AnnotatedColumn  : Binding column: IndexColumn(column='ordenesTrabajo_ORDER')
2025-03-03T22:21:22.429-05:00 DEBUG 98074 --- [promecal] [           main] o.h.boot.model.internal.AnnotatedColumn  : Binding column: AnnotatedColumn()
2025-03-03T22:21:22.431-05:00 DEBUG 98074 --- [promecal] [           main] o.h.boot.model.internal.AnnotatedColumn  : Binding column: AnnotatedColumn(column='ordenesTrabajo_KEY')
2025-03-03T22:21:22.433-05:00 DEBUG 98074 --- [promecal] [           main] o.h.boot.model.internal.AnnotatedColumn  : Binding column: AnnotatedJoinColumn(column='ordenesTrabajo_KEY')
2025-03-03T22:21:22.436-05:00 DEBUG 98074 --- [promecal] [           main] o.h.boot.model.internal.AnnotatedColumn  : Binding column: AnnotatedJoinColumn()
2025-03-03T22:21:22.436-05:00 DEBUG 98074 --- [promecal] [           main] o.h.boot.model.internal.AnnotatedColumn  : Binding column: AnnotatedJoinColumn()
2025-03-03T22:21:22.444-05:00 DEBUG 98074 --- [promecal] [           main] o.h.b.model.internal.CollectionBinder    : Collection role: com.sanmarcos.promecal.model.entity.Cliente.ordenesTrabajo
2025-03-03T22:21:22.447-05:00 DEBUG 98074 --- [promecal] [           main] o.h.boot.model.internal.PropertyBinder   : Building property ordenesTrabajo
2025-03-03T22:21:22.451-05:00 DEBUG 98074 --- [promecal] [           main] o.h.b.r.c.i.ClassLoaderServiceImpl       : HHH000194: Package not found or no package-info.java: com.sanmarcos.promecal.model.entity
2025-03-03T22:21:22.459-05:00 DEBUG 98074 --- [promecal] [           main] o.h.boot.model.internal.EntityBinder     : Binding entity from annotated class: com.sanmarcos.promecal.model.entity.Documento
2025-03-03T22:21:22.460-05:00 DEBUG 98074 --- [promecal] [           main] o.h.boot.model.internal.EntityBinder     : Import with entity name Documento
2025-03-03T22:21:22.460-05:00 DEBUG 98074 --- [promecal] [           main] o.h.boot.model.internal.EntityBinder     : Bind entity com.sanmarcos.promecal.model.entity.Documento on table documentos
2025-03-03T22:21:22.461-05:00 DEBUG 98074 --- [promecal] [           main] o.h.boot.model.internal.AnnotatedColumn  : Binding column: AnnotatedDiscriminatorColumn(column='DTYPE')
2025-03-03T22:21:22.463-05:00 DEBUG 98074 --- [promecal] [           main] o.h.boot.model.internal.AnnotatedColumn  : Binding column: AnnotatedColumn(column='id')
2025-03-03T22:21:22.463-05:00 DEBUG 98074 --- [promecal] [           main] o.h.boot.internal.ClassLoaderAccessImpl  : Not known whether passed class name [com.sanmarcos.promecal.model.entity.Documento] is safe
2025-03-03T22:21:22.464-05:00 DEBUG 98074 --- [promecal] [           main] o.h.boot.internal.ClassLoaderAccessImpl  : No temp ClassLoader provided; using live ClassLoader for loading potentially unsafe class : com.sanmarcos.promecal.model.entity.Documento
2025-03-03T22:21:22.464-05:00 DEBUG 98074 --- [promecal] [           main] o.h.boot.model.internal.PropertyBinder   : MetadataSourceProcessor property id with lazy=false
2025-03-03T22:21:22.464-05:00 DEBUG 98074 --- [promecal] [           main] o.h.b.m.internal.AbstractPropertyHolder  : Attempting to locate auto-apply AttributeConverter for property [com.sanmarcos.promecal.model.entity.Documento:id]
2025-03-03T22:21:22.464-05:00 DEBUG 98074 --- [promecal] [           main] o.h.b.model.internal.BasicValueBinder    : building BasicValue for id
2025-03-03T22:21:22.465-05:00 DEBUG 98074 --- [promecal] [           main] org.hibernate.mapping.BasicValue         : Skipping column re-registration: documentos.id
2025-03-03T22:21:22.465-05:00 DEBUG 98074 --- [promecal] [           main] o.h.boot.model.internal.PropertyBinder   : Building property id
2025-03-03T22:21:22.465-05:00 DEBUG 98074 --- [promecal] [           main] o.h.boot.model.internal.BinderHelper     : #makeIdGenerator(BasicValue([Column(id)]), id, identity, , ...)
2025-03-03T22:21:22.466-05:00 DEBUG 98074 --- [promecal] [           main] o.h.boot.model.internal.AnnotatedColumn  : Binding column: AnnotatedColumn(column='fecha_subida')
2025-03-03T22:21:22.466-05:00 DEBUG 98074 --- [promecal] [           main] o.h.boot.model.internal.PropertyBinder   : MetadataSourceProcessor property fechaSubida with lazy=false
2025-03-03T22:21:22.466-05:00 DEBUG 98074 --- [promecal] [           main] o.h.b.m.internal.AbstractPropertyHolder  : Attempting to locate auto-apply AttributeConverter for property [com.sanmarcos.promecal.model.entity.Documento:fechaSubida]
2025-03-03T22:21:22.466-05:00 DEBUG 98074 --- [promecal] [           main] o.h.b.model.internal.BasicValueBinder    : building BasicValue for fechaSubida
2025-03-03T22:21:22.467-05:00 DEBUG 98074 --- [promecal] [           main] org.hibernate.mapping.BasicValue         : Skipping column re-registration: documentos.fecha_subida
2025-03-03T22:21:22.467-05:00 DEBUG 98074 --- [promecal] [           main] o.h.boot.model.internal.PropertyBinder   : Building property fechaSubida
2025-03-03T22:21:22.467-05:00 DEBUG 98074 --- [promecal] [           main] o.h.boot.model.internal.AnnotatedColumn  : Binding column: AnnotatedColumn(column='nombre')
2025-03-03T22:21:22.467-05:00 DEBUG 98074 --- [promecal] [           main] o.h.boot.model.internal.PropertyBinder   : MetadataSourceProcessor property nombre with lazy=false
2025-03-03T22:21:22.468-05:00 DEBUG 98074 --- [promecal] [           main] o.h.b.m.internal.AbstractPropertyHolder  : Attempting to locate auto-apply AttributeConverter for property [com.sanmarcos.promecal.model.entity.Documento:nombre]
2025-03-03T22:21:22.468-05:00 DEBUG 98074 --- [promecal] [           main] o.h.b.model.internal.BasicValueBinder    : building BasicValue for nombre
2025-03-03T22:21:22.468-05:00 DEBUG 98074 --- [promecal] [           main] org.hibernate.mapping.BasicValue         : Skipping column re-registration: documentos.nombre
2025-03-03T22:21:22.468-05:00 DEBUG 98074 --- [promecal] [           main] o.h.boot.model.internal.PropertyBinder   : Building property nombre
2025-03-03T22:21:22.469-05:00 DEBUG 98074 --- [promecal] [           main] o.h.boot.model.internal.AnnotatedColumn  : Binding column: AnnotatedColumn(column='ruta_archivo')
2025-03-03T22:21:22.470-05:00 DEBUG 98074 --- [promecal] [           main] o.h.boot.model.internal.PropertyBinder   : MetadataSourceProcessor property rutaArchivo with lazy=false
2025-03-03T22:21:22.470-05:00 DEBUG 98074 --- [promecal] [           main] o.h.b.m.internal.AbstractPropertyHolder  : Attempting to locate auto-apply AttributeConverter for property [com.sanmarcos.promecal.model.entity.Documento:rutaArchivo]
2025-03-03T22:21:22.471-05:00 DEBUG 98074 --- [promecal] [           main] o.h.b.model.internal.BasicValueBinder    : building BasicValue for rutaArchivo
2025-03-03T22:21:22.471-05:00 DEBUG 98074 --- [promecal] [           main] org.hibernate.mapping.BasicValue         : Skipping column re-registration: documentos.ruta_archivo
2025-03-03T22:21:22.471-05:00 DEBUG 98074 --- [promecal] [           main] o.h.boot.model.internal.PropertyBinder   : Building property rutaArchivo
2025-03-03T22:21:22.472-05:00 DEBUG 98074 --- [promecal] [           main] o.h.b.r.c.i.ClassLoaderServiceImpl       : HHH000194: Package not found or no package-info.java: com.sanmarcos.promecal.model.entity
2025-03-03T22:21:22.473-05:00 DEBUG 98074 --- [promecal] [           main] o.h.boot.model.internal.EntityBinder     : Binding entity from annotated class: com.sanmarcos.promecal.model.entity.InformeDiagnostico
2025-03-03T22:21:22.473-05:00 DEBUG 98074 --- [promecal] [           main] o.h.boot.model.internal.EntityBinder     : Import with entity name InformeDiagnostico
2025-03-03T22:21:22.473-05:00 DEBUG 98074 --- [promecal] [           main] o.h.boot.model.internal.EntityBinder     : Bind entity com.sanmarcos.promecal.model.entity.InformeDiagnostico on table informes_diagnostico
2025-03-03T22:21:22.474-05:00 DEBUG 98074 --- [promecal] [           main] o.h.boot.model.internal.AnnotatedColumn  : Binding column: AnnotatedDiscriminatorColumn(column='DTYPE')
2025-03-03T22:21:22.475-05:00 DEBUG 98074 --- [promecal] [           main] o.h.boot.model.internal.AnnotatedColumn  : Binding column: AnnotatedColumn(column='id')
2025-03-03T22:21:22.476-05:00 DEBUG 98074 --- [promecal] [           main] o.h.boot.internal.ClassLoaderAccessImpl  : Not known whether passed class name [com.sanmarcos.promecal.model.entity.InformeDiagnostico] is safe
2025-03-03T22:21:22.476-05:00 DEBUG 98074 --- [promecal] [           main] o.h.boot.internal.ClassLoaderAccessImpl  : No temp ClassLoader provided; using live ClassLoader for loading potentially unsafe class : com.sanmarcos.promecal.model.entity.InformeDiagnostico
2025-03-03T22:21:22.476-05:00 DEBUG 98074 --- [promecal] [           main] o.h.boot.model.internal.PropertyBinder   : MetadataSourceProcessor property id with lazy=false
2025-03-03T22:21:22.476-05:00 DEBUG 98074 --- [promecal] [           main] o.h.b.m.internal.AbstractPropertyHolder  : Attempting to locate auto-apply AttributeConverter for property [com.sanmarcos.promecal.model.entity.InformeDiagnostico:id]
2025-03-03T22:21:22.476-05:00 DEBUG 98074 --- [promecal] [           main] o.h.b.model.internal.BasicValueBinder    : building BasicValue for id
2025-03-03T22:21:22.476-05:00 DEBUG 98074 --- [promecal] [           main] org.hibernate.mapping.BasicValue         : Skipping column re-registration: informes_diagnostico.id
2025-03-03T22:21:22.476-05:00 DEBUG 98074 --- [promecal] [           main] o.h.boot.model.internal.PropertyBinder   : Building property id
2025-03-03T22:21:22.477-05:00 DEBUG 98074 --- [promecal] [           main] o.h.boot.model.internal.BinderHelper     : #makeIdGenerator(BasicValue([Column(id)]), id, identity, , ...)
2025-03-03T22:21:22.477-05:00 DEBUG 98074 --- [promecal] [           main] o.h.boot.model.internal.AnnotatedColumn  : Binding column: AnnotatedColumn(column='codigo_orden_trabajo')
2025-03-03T22:21:22.477-05:00 DEBUG 98074 --- [promecal] [           main] o.h.boot.model.internal.PropertyBinder   : MetadataSourceProcessor property codigoOrdenTrabajo with lazy=false
2025-03-03T22:21:22.478-05:00 DEBUG 98074 --- [promecal] [           main] o.h.b.m.internal.AbstractPropertyHolder  : Attempting to locate auto-apply AttributeConverter for property [com.sanmarcos.promecal.model.entity.InformeDiagnostico:codigoOrdenTrabajo]
2025-03-03T22:21:22.478-05:00 DEBUG 98074 --- [promecal] [           main] o.h.b.model.internal.BasicValueBinder    : building BasicValue for codigoOrdenTrabajo
2025-03-03T22:21:22.478-05:00 DEBUG 98074 --- [promecal] [           main] org.hibernate.mapping.BasicValue         : Skipping column re-registration: informes_diagnostico.codigo_orden_trabajo
2025-03-03T22:21:22.478-05:00 DEBUG 98074 --- [promecal] [           main] o.h.boot.model.internal.PropertyBinder   : Building property codigoOrdenTrabajo
2025-03-03T22:21:22.478-05:00 DEBUG 98074 --- [promecal] [           main] o.h.boot.model.internal.AnnotatedColumn  : Binding column: AnnotatedColumn(column='diagnosticotecnico')
2025-03-03T22:21:22.478-05:00 DEBUG 98074 --- [promecal] [           main] o.h.boot.model.internal.PropertyBinder   : MetadataSourceProcessor property diagnosticoTecnico with lazy=false
2025-03-03T22:21:22.478-05:00 DEBUG 98074 --- [promecal] [           main] o.h.b.m.internal.AbstractPropertyHolder  : Attempting to locate auto-apply AttributeConverter for property [com.sanmarcos.promecal.model.entity.InformeDiagnostico:diagnosticoTecnico]
2025-03-03T22:21:22.479-05:00 DEBUG 98074 --- [promecal] [           main] o.h.b.model.internal.BasicValueBinder    : building BasicValue for diagnosticoTecnico
2025-03-03T22:21:22.479-05:00 DEBUG 98074 --- [promecal] [           main] org.hibernate.mapping.BasicValue         : Skipping column re-registration: informes_diagnostico.diagnosticotecnico
2025-03-03T22:21:22.479-05:00 DEBUG 98074 --- [promecal] [           main] o.h.boot.model.internal.PropertyBinder   : Building property diagnosticoTecnico
2025-03-03T22:21:22.479-05:00 DEBUG 98074 --- [promecal] [           main] o.h.boot.model.internal.AnnotatedColumn  : Binding column: AnnotatedColumn(column='equipoirreparable')
2025-03-03T22:21:22.479-05:00 DEBUG 98074 --- [promecal] [           main] o.h.boot.model.internal.PropertyBinder   : MetadataSourceProcessor property equipoIrreparable with lazy=false
2025-03-03T22:21:22.479-05:00 DEBUG 98074 --- [promecal] [           main] o.h.b.m.internal.AbstractPropertyHolder  : Attempting to locate auto-apply AttributeConverter for property [com.sanmarcos.promecal.model.entity.InformeDiagnostico:equipoIrreparable]
2025-03-03T22:21:22.480-05:00 DEBUG 98074 --- [promecal] [           main] o.h.b.model.internal.BasicValueBinder    : building BasicValue for equipoIrreparable
2025-03-03T22:21:22.480-05:00 DEBUG 98074 --- [promecal] [           main] org.hibernate.mapping.BasicValue         : Skipping column re-registration: informes_diagnostico.equipoirreparable
2025-03-03T22:21:22.480-05:00 DEBUG 98074 --- [promecal] [           main] o.h.boot.model.internal.PropertyBinder   : Building property equipoIrreparable
2025-03-03T22:21:22.480-05:00 DEBUG 98074 --- [promecal] [           main] o.h.boot.model.internal.AnnotatedColumn  : Binding column: AnnotatedColumn(column='estadoactual')
2025-03-03T22:21:22.480-05:00 DEBUG 98074 --- [promecal] [           main] o.h.boot.model.internal.PropertyBinder   : MetadataSourceProcessor property estadoActual with lazy=false
2025-03-03T22:21:22.480-05:00 DEBUG 98074 --- [promecal] [           main] o.h.b.m.internal.AbstractPropertyHolder  : Attempting to locate auto-apply AttributeConverter for property [com.sanmarcos.promecal.model.entity.InformeDiagnostico:estadoActual]
2025-03-03T22:21:22.480-05:00 DEBUG 98074 --- [promecal] [           main] o.h.b.model.internal.BasicValueBinder    : building BasicValue for estadoActual
2025-03-03T22:21:22.481-05:00 DEBUG 98074 --- [promecal] [           main] org.hibernate.mapping.BasicValue         : Skipping column re-registration: informes_diagnostico.estadoactual
2025-03-03T22:21:22.481-05:00 DEBUG 98074 --- [promecal] [           main] o.h.boot.model.internal.PropertyBinder   : Building property estadoActual
2025-03-03T22:21:22.482-05:00 DEBUG 98074 --- [promecal] [           main] o.h.boot.model.internal.AnnotatedColumn  : Binding column: AnnotatedColumn(column='factibilidadreparacion')
2025-03-03T22:21:22.482-05:00 DEBUG 98074 --- [promecal] [           main] o.h.boot.model.internal.PropertyBinder   : MetadataSourceProcessor property factibilidadReparacion with lazy=false
2025-03-03T22:21:22.482-05:00 DEBUG 98074 --- [promecal] [           main] o.h.b.m.internal.AbstractPropertyHolder  : Attempting to locate auto-apply AttributeConverter for property [com.sanmarcos.promecal.model.entity.InformeDiagnostico:factibilidadReparacion]
2025-03-03T22:21:22.482-05:00 DEBUG 98074 --- [promecal] [           main] o.h.b.model.internal.BasicValueBinder    : building BasicValue for factibilidadReparacion
2025-03-03T22:21:22.482-05:00 DEBUG 98074 --- [promecal] [           main] org.hibernate.mapping.BasicValue         : Skipping column re-registration: informes_diagnostico.factibilidadreparacion
2025-03-03T22:21:22.482-05:00 DEBUG 98074 --- [promecal] [           main] o.h.boot.model.internal.PropertyBinder   : Building property factibilidadReparacion
2025-03-03T22:21:22.483-05:00 DEBUG 98074 --- [promecal] [           main] o.h.boot.model.internal.AnnotatedColumn  : Binding column: AnnotatedColumn(column='fecha')
2025-03-03T22:21:22.483-05:00 DEBUG 98074 --- [promecal] [           main] o.h.boot.model.internal.PropertyBinder   : MetadataSourceProcessor property fecha with lazy=false
2025-03-03T22:21:22.483-05:00 DEBUG 98074 --- [promecal] [           main] o.h.b.m.internal.AbstractPropertyHolder  : Attempting to locate auto-apply AttributeConverter for property [com.sanmarcos.promecal.model.entity.InformeDiagnostico:fecha]
2025-03-03T22:21:22.483-05:00 DEBUG 98074 --- [promecal] [           main] o.h.b.model.internal.BasicValueBinder    : building BasicValue for fecha
2025-03-03T22:21:22.483-05:00 DEBUG 98074 --- [promecal] [           main] org.hibernate.mapping.BasicValue         : Skipping column re-registration: informes_diagnostico.fecha
2025-03-03T22:21:22.483-05:00 DEBUG 98074 --- [promecal] [           main] o.h.boot.model.internal.PropertyBinder   : Building property fecha
2025-03-03T22:21:22.484-05:00 DEBUG 98074 --- [promecal] [           main] o.h.boot.model.internal.AnnotatedColumn  : Binding column: AnnotatedColumn(column='numeroserie')
2025-03-03T22:21:22.484-05:00 DEBUG 98074 --- [promecal] [           main] o.h.boot.model.internal.PropertyBinder   : MetadataSourceProcessor property numeroSerie with lazy=false
2025-03-03T22:21:22.484-05:00 DEBUG 98074 --- [promecal] [           main] o.h.b.m.internal.AbstractPropertyHolder  : Attempting to locate auto-apply AttributeConverter for property [com.sanmarcos.promecal.model.entity.InformeDiagnostico:numeroSerie]
2025-03-03T22:21:22.484-05:00 DEBUG 98074 --- [promecal] [           main] o.h.b.model.internal.BasicValueBinder    : building BasicValue for numeroSerie
2025-03-03T22:21:22.484-05:00 DEBUG 98074 --- [promecal] [           main] org.hibernate.mapping.BasicValue         : Skipping column re-registration: informes_diagnostico.numeroserie
2025-03-03T22:21:22.484-05:00 DEBUG 98074 --- [promecal] [           main] o.h.boot.model.internal.PropertyBinder   : Building property numeroSerie
2025-03-03T22:21:22.484-05:00 DEBUG 98074 --- [promecal] [           main] o.h.boot.model.internal.AnnotatedColumn  : Binding column: AnnotatedColumn(column='observacionesadicionales')
2025-03-03T22:21:22.485-05:00 DEBUG 98074 --- [promecal] [           main] o.h.boot.model.internal.PropertyBinder   : MetadataSourceProcessor property observacionesAdicionales with lazy=false
2025-03-03T22:21:22.485-05:00 DEBUG 98074 --- [promecal] [           main] o.h.b.m.internal.AbstractPropertyHolder  : Attempting to locate auto-apply AttributeConverter for property [com.sanmarcos.promecal.model.entity.InformeDiagnostico:observacionesAdicionales]
2025-03-03T22:21:22.485-05:00 DEBUG 98074 --- [promecal] [           main] o.h.b.model.internal.BasicValueBinder    : building BasicValue for observacionesAdicionales
2025-03-03T22:21:22.485-05:00 DEBUG 98074 --- [promecal] [           main] org.hibernate.mapping.BasicValue         : Skipping column re-registration: informes_diagnostico.observacionesadicionales
2025-03-03T22:21:22.485-05:00 DEBUG 98074 --- [promecal] [           main] o.h.boot.model.internal.PropertyBinder   : Building property observacionesAdicionales
2025-03-03T22:21:22.485-05:00 DEBUG 98074 --- [promecal] [           main] o.h.boot.model.internal.AnnotatedColumn  : Binding column: AnnotatedColumn(column='problemasencontrados')
2025-03-03T22:21:22.485-05:00 DEBUG 98074 --- [promecal] [           main] o.h.boot.model.internal.PropertyBinder   : MetadataSourceProcessor property problemasEncontrados with lazy=false
2025-03-03T22:21:22.486-05:00 DEBUG 98074 --- [promecal] [           main] o.h.b.m.internal.AbstractPropertyHolder  : Attempting to locate auto-apply AttributeConverter for property [com.sanmarcos.promecal.model.entity.InformeDiagnostico:problemasEncontrados]
2025-03-03T22:21:22.486-05:00 DEBUG 98074 --- [promecal] [           main] o.h.b.model.internal.BasicValueBinder    : building BasicValue for problemasEncontrados
2025-03-03T22:21:22.486-05:00 DEBUG 98074 --- [promecal] [           main] org.hibernate.mapping.BasicValue         : Skipping column re-registration: informes_diagnostico.problemasencontrados
2025-03-03T22:21:22.486-05:00 DEBUG 98074 --- [promecal] [           main] o.h.boot.model.internal.PropertyBinder   : Building property problemasEncontrados
2025-03-03T22:21:22.486-05:00 DEBUG 98074 --- [promecal] [           main] o.h.boot.model.internal.AnnotatedColumn  : Binding column: AnnotatedColumn(column='recomendaciones')
2025-03-03T22:21:22.487-05:00 DEBUG 98074 --- [promecal] [           main] o.h.boot.model.internal.PropertyBinder   : MetadataSourceProcessor property recomendaciones with lazy=false
2025-03-03T22:21:22.487-05:00 DEBUG 98074 --- [promecal] [           main] o.h.b.m.internal.AbstractPropertyHolder  : Attempting to locate auto-apply AttributeConverter for property [com.sanmarcos.promecal.model.entity.InformeDiagnostico:recomendaciones]
2025-03-03T22:21:22.487-05:00 DEBUG 98074 --- [promecal] [           main] o.h.b.model.internal.BasicValueBinder    : building BasicValue for recomendaciones
2025-03-03T22:21:22.487-05:00 DEBUG 98074 --- [promecal] [           main] org.hibernate.mapping.BasicValue         : Skipping column re-registration: informes_diagnostico.recomendaciones
2025-03-03T22:21:22.487-05:00 DEBUG 98074 --- [promecal] [           main] o.h.boot.model.internal.PropertyBinder   : Building property recomendaciones
2025-03-03T22:21:22.488-05:00 DEBUG 98074 --- [promecal] [           main] o.h.b.r.c.i.ClassLoaderServiceImpl       : HHH000194: Package not found or no package-info.java: com.sanmarcos.promecal.model.entity
2025-03-03T22:21:22.488-05:00 DEBUG 98074 --- [promecal] [           main] o.h.boot.model.internal.EntityBinder     : Binding entity from annotated class: com.sanmarcos.promecal.model.entity.OrdenTrabajo
2025-03-03T22:21:22.489-05:00 DEBUG 98074 --- [promecal] [           main] o.h.boot.model.internal.EntityBinder     : Import with entity name OrdenTrabajo
2025-03-03T22:21:22.489-05:00 DEBUG 98074 --- [promecal] [           main] o.h.boot.model.internal.EntityBinder     : Bind entity com.sanmarcos.promecal.model.entity.OrdenTrabajo on table ordenes_trabajo
2025-03-03T22:21:22.490-05:00 DEBUG 98074 --- [promecal] [           main] o.h.boot.model.internal.AnnotatedColumn  : Binding column: AnnotatedDiscriminatorColumn(column='DTYPE')
2025-03-03T22:21:22.496-05:00 DEBUG 98074 --- [promecal] [           main] o.h.boot.model.internal.AnnotatedColumn  : Binding column: AnnotatedColumn(column='id')
2025-03-03T22:21:22.496-05:00 DEBUG 98074 --- [promecal] [           main] o.h.boot.internal.ClassLoaderAccessImpl  : Not known whether passed class name [com.sanmarcos.promecal.model.entity.OrdenTrabajo] is safe
2025-03-03T22:21:22.496-05:00 DEBUG 98074 --- [promecal] [           main] o.h.boot.internal.ClassLoaderAccessImpl  : No temp ClassLoader provided; using live ClassLoader for loading potentially unsafe class : com.sanmarcos.promecal.model.entity.OrdenTrabajo
2025-03-03T22:21:22.497-05:00 DEBUG 98074 --- [promecal] [           main] o.h.boot.model.internal.PropertyBinder   : MetadataSourceProcessor property id with lazy=false
2025-03-03T22:21:22.497-05:00 DEBUG 98074 --- [promecal] [           main] o.h.b.m.internal.AbstractPropertyHolder  : Attempting to locate auto-apply AttributeConverter for property [com.sanmarcos.promecal.model.entity.OrdenTrabajo:id]
2025-03-03T22:21:22.497-05:00 DEBUG 98074 --- [promecal] [           main] o.h.b.model.internal.BasicValueBinder    : building BasicValue for id
2025-03-03T22:21:22.497-05:00 DEBUG 98074 --- [promecal] [           main] org.hibernate.mapping.BasicValue         : Skipping column re-registration: ordenes_trabajo.id
2025-03-03T22:21:22.497-05:00 DEBUG 98074 --- [promecal] [           main] o.h.boot.model.internal.PropertyBinder   : Building property id
2025-03-03T22:21:22.497-05:00 DEBUG 98074 --- [promecal] [           main] o.h.boot.model.internal.BinderHelper     : #makeIdGenerator(BasicValue([Column(id)]), id, identity, , ...)
2025-03-03T22:21:22.498-05:00 DEBUG 98074 --- [promecal] [           main] o.h.boot.model.internal.AnnotatedColumn  : Binding column: AnnotatedJoinColumn(column='cliente',referencedColumn='id')
2025-03-03T22:21:22.498-05:00 DEBUG 98074 --- [promecal] [           main] o.h.boot.model.internal.AnnotatedColumn  : Binding column: AnnotatedColumn()
2025-03-03T22:21:22.502-05:00 DEBUG 98074 --- [promecal] [           main] o.h.boot.model.internal.PropertyBinder   : Building property cliente
2025-03-03T22:21:22.503-05:00 DEBUG 98074 --- [promecal] [           main] o.h.boot.model.internal.AnnotatedColumn  : Binding column: AnnotatedColumn(column='codigo')
2025-03-03T22:21:22.503-05:00 DEBUG 98074 --- [promecal] [           main] o.h.boot.model.internal.PropertyBinder   : MetadataSourceProcessor property codigo with lazy=false
2025-03-03T22:21:22.504-05:00 DEBUG 98074 --- [promecal] [           main] o.h.b.m.internal.AbstractPropertyHolder  : Attempting to locate auto-apply AttributeConverter for property [com.sanmarcos.promecal.model.entity.OrdenTrabajo:codigo]
2025-03-03T22:21:22.504-05:00 DEBUG 98074 --- [promecal] [           main] o.h.b.model.internal.BasicValueBinder    : building BasicValue for codigo
2025-03-03T22:21:22.504-05:00 DEBUG 98074 --- [promecal] [           main] org.hibernate.mapping.BasicValue         : Skipping column re-registration: ordenes_trabajo.codigo
2025-03-03T22:21:22.504-05:00 DEBUG 98074 --- [promecal] [           main] o.h.boot.model.internal.PropertyBinder   : Building property codigo
2025-03-03T22:21:22.504-05:00 DEBUG 98074 --- [promecal] [           main] o.h.boot.model.internal.AnnotatedColumn  : Binding column: AnnotatedColumn(column='descripcion')
2025-03-03T22:21:22.504-05:00 DEBUG 98074 --- [promecal] [           main] o.h.boot.model.internal.PropertyBinder   : MetadataSourceProcessor property descripcion with lazy=false
2025-03-03T22:21:22.504-05:00 DEBUG 98074 --- [promecal] [           main] o.h.b.m.internal.AbstractPropertyHolder  : Attempting to locate auto-apply AttributeConverter for property [com.sanmarcos.promecal.model.entity.OrdenTrabajo:descripcion]
2025-03-03T22:21:22.505-05:00 DEBUG 98074 --- [promecal] [           main] o.h.b.model.internal.BasicValueBinder    : building BasicValue for descripcion
2025-03-03T22:21:22.505-05:00 DEBUG 98074 --- [promecal] [           main] org.hibernate.mapping.BasicValue         : Skipping column re-registration: ordenes_trabajo.descripcion
2025-03-03T22:21:22.505-05:00 DEBUG 98074 --- [promecal] [           main] o.h.boot.model.internal.PropertyBinder   : Building property descripcion
2025-03-03T22:21:22.505-05:00 DEBUG 98074 --- [promecal] [           main] o.h.boot.model.internal.AnnotatedColumn  : Binding column: AnnotatedJoinColumn(column='documento_id',referencedColumn='id')
2025-03-03T22:21:22.505-05:00 DEBUG 98074 --- [promecal] [           main] o.h.boot.model.internal.AnnotatedColumn  : Binding column: AnnotatedColumn()
2025-03-03T22:21:22.505-05:00 DEBUG 98074 --- [promecal] [           main] o.h.boot.model.internal.PropertyBinder   : Building property documento
2025-03-03T22:21:22.506-05:00 DEBUG 98074 --- [promecal] [           main] o.h.boot.model.internal.AnnotatedColumn  : Binding column: AnnotatedColumn(column='estado')
2025-03-03T22:21:22.507-05:00 DEBUG 98074 --- [promecal] [           main] o.h.boot.model.internal.PropertyBinder   : MetadataSourceProcessor property estado with lazy=false
2025-03-03T22:21:22.507-05:00 DEBUG 98074 --- [promecal] [           main] o.h.b.m.internal.AbstractPropertyHolder  : Attempting to locate auto-apply AttributeConverter for property [com.sanmarcos.promecal.model.entity.OrdenTrabajo:estado]
2025-03-03T22:21:22.507-05:00 DEBUG 98074 --- [promecal] [           main] o.h.b.model.internal.BasicValueBinder    : building BasicValue for estado
[...]
	at org.springframework.beans.factory.support.DefaultListableBeanFactory.doResolveDependency(DefaultListableBeanFactory.java:1443) ~[spring-beans-6.1.14.jar:6.1.14]
	at org.springframework.beans.factory.support.DefaultListableBeanFactory.resolveDependency(DefaultListableBeanFactory.java:1353) ~[spring-beans-6.1.14.jar:6.1.14]
	at org.springframework.beans.factory.annotation.AutowiredAnnotationBeanPostProcessor$AutowiredFieldElement.resolveFieldValue(AutowiredAnnotationBeanPostProcessor.java:785) ~[spring-beans-6.1.14.jar:6.1.14]
	at org.springframework.beans.factory.annotation.AutowiredAnnotationBeanPostProcessor$AutowiredFieldElement.inject(AutowiredAnnotationBeanPostProcessor.java:768) ~[spring-beans-6.1.14.jar:6.1.14]
	at org.springframework.beans.factory.annotation.InjectionMetadata.inject(InjectionMetadata.java:145) ~[spring-beans-6.1.14.jar:6.1.14]
	at org.springframework.beans.factory.annotation.AutowiredAnnotationBeanPostProcessor.postProcessProperties(AutowiredAnnotationBeanPostProcessor.java:509) ~[spring-beans-6.1.14.jar:6.1.14]
	at org.springframework.beans.factory.support.AbstractAutowireCapableBeanFactory.populateBean(AbstractAutowireCapableBeanFactory.java:1439) ~[spring-beans-6.1.14.jar:6.1.14]
	at org.springframework.beans.factory.support.AbstractAutowireCapableBeanFactory.doCreateBean(AbstractAutowireCapableBeanFactory.java:599) ~[spring-beans-6.1.14.jar:6.1.14]
	at org.springframework.beans.factory.support.AbstractAutowireCapableBeanFactory.createBean(AbstractAutowireCapableBeanFactory.java:522) ~[spring-beans-6.1.14.jar:6.1.14]
	at org.springframework.beans.factory.support.AbstractBeanFactory.lambda$doGetBean$0(AbstractBeanFactory.java:337) ~[spring-beans-6.1.14.jar:6.1.14]
	at org.springframework.beans.factory.support.DefaultSingletonBeanRegistry.getSingleton(DefaultSingletonBeanRegistry.java:234) ~[spring-beans-6.1.14.jar:6.1.14]
	at org.springframework.beans.factory.support.AbstractBeanFactory.doGetBean(AbstractBeanFactory.java:335) ~[spring-beans-6.1.14.jar:6.1.14]
	at org.springframework.beans.factory.support.AbstractBeanFactory.getBean(AbstractBeanFactory.java:200) ~[spring-beans-6.1.14.jar:6.1.14]
	at org.springframework.beans.factory.support.DefaultListableBeanFactory.preInstantiateSingletons(DefaultListableBeanFactory.java:975) ~[spring-beans-6.1.14.jar:6.1.14]
	at org.springframework.context.support.AbstractApplicationContext.finishBeanFactoryInitialization(AbstractApplicationContext.java:971) ~[spring-context-6.1.14.jar:6.1.14]
	at org.springframework.context.support.AbstractApplicationContext.refresh(AbstractApplicationContext.java:625) ~[spring-context-6.1.14.jar:6.1.14]
	at org.springframework.boot.SpringApplication.refresh(SpringApplication.java:754) ~[spring-boot-3.3.5.jar:3.3.5]
	at org.springframework.boot.SpringApplication.refreshContext(SpringApplication.java:456) ~[spring-boot-3.3.5.jar:3.3.5]
	at org.springframework.boot.SpringApplication.run(SpringApplication.java:335) ~[spring-boot-3.3.5.jar:3.3.5]
	at org.springframework.boot.test.context.SpringBootContextLoader.lambda$loadContext$3(SpringBootContextLoader.java:137) ~[spring-boot-test-3.3.5.jar:3.3.5]
	at org.springframework.util.function.ThrowingSupplier.get(ThrowingSupplier.java:58) ~[spring-core-6.1.14.jar:6.1.14]
	at org.springframework.util.function.ThrowingSupplier.get(ThrowingSupplier.java:46) ~[spring-core-6.1.14.jar:6.1.14]
	at org.springframework.boot.SpringApplication.withHook(SpringApplication.java:1463) ~[spring-boot-3.3.5.jar:3.3.5]
	at org.springframework.boot.test.context.SpringBootContextLoader$ContextLoaderHook.run(SpringBootContextLoader.java:553) ~[spring-boot-test-3.3.5.jar:3.3.5]
	at org.springframework.boot.test.context.SpringBootContextLoader.loadContext(SpringBootContextLoader.java:137) ~[spring-boot-test-3.3.5.jar:3.3.5]
	at org.springframework.boot.test.context.SpringBootContextLoader.loadContext(SpringBootContextLoader.java:108) ~[spring-boot-test-3.3.5.jar:3.3.5]
	at org.springframework.test.context.cache.DefaultCacheAwareContextLoaderDelegate.loadContextInternal(DefaultCacheAwareContextLoaderDelegate.java:225) ~[spring-test-6.1.14.jar:6.1.14]
	at org.springframework.test.context.cache.DefaultCacheAwareContextLoaderDelegate.loadContext(DefaultCacheAwareContextLoaderDelegate.java:152) ~[spring-test-6.1.14.jar:6.1.14]
	at org.springframework.test.context.support.DefaultTestContext.getApplicationContext(DefaultTestContext.java:130) ~[spring-test-6.1.14.jar:6.1.14]
	at org.springframework.test.context.web.ServletTestExecutionListener.setUpRequestContextIfNecessary(ServletTestExecutionListener.java:191) ~[spring-test-6.1.14.jar:6.1.14]
	at org.springframework.test.context.web.ServletTestExecutionListener.prepareTestInstance(ServletTestExecutionListener.java:130) ~[spring-test-6.1.14.jar:6.1.14]
	at org.springframework.test.context.TestContextManager.prepareTestInstance(TestContextManager.java:260) ~[spring-test-6.1.14.jar:6.1.14]
	at org.springframework.test.context.junit.jupiter.SpringExtension.postProcessTestInstance(SpringExtension.java:163) ~[spring-test-6.1.14.jar:6.1.14]
	at org.junit.jupiter.engine.descriptor.ClassBasedTestDescriptor.lambda$invokeTestInstancePostProcessors$10(ClassBasedTestDescriptor.java:378) ~[junit-jupiter-engine-5.10.5.jar:5.10.5]
	at org.junit.jupiter.engine.descriptor.ClassBasedTestDescriptor.executeAndMaskThrowable(ClassBasedTestDescriptor.java:383) ~[junit-jupiter-engine-5.10.5.jar:5.10.5]
	at org.junit.jupiter.engine.descriptor.ClassBasedTestDescriptor.lambda$invokeTestInstancePostProcessors$11(ClassBasedTestDescriptor.java:378) ~[junit-jupiter-engine-5.10.5.jar:5.10.5]
	at java.base/java.util.stream.ReferencePipeline$3$1.accept(ReferencePipeline.java:212) ~[na:na]
	at java.base/java.util.stream.ReferencePipeline$2$1.accept(ReferencePipeline.java:194) ~[na:na]
	at java.base/java.util.ArrayList$ArrayListSpliterator.forEachRemaining(ArrayList.java:1709) ~[na:na]
	at java.base/java.util.stream.AbstractPipeline.copyInto(AbstractPipeline.java:556) ~[na:na]
	at java.base/java.util.stream.AbstractPipeline.wrapAndCopyInto(AbstractPipeline.java:546) ~[na:na]
	at java.base/java.util.stream.StreamSpliterators$WrappingSpliterator.forEachRemaining(StreamSpliterators.java:310) ~[na:na]
	at java.base/java.util.stream.Streams$ConcatSpliterator.forEachRemaining(Streams.java:735) ~[na:na]
	at java.base/java.util.stream.Streams$ConcatSpliterator.forEachRemaining(Streams.java:734) ~[na:na]
	at java.base/java.util.stream.ReferencePipeline$Head.forEach(ReferencePipeline.java:782) ~[na:na]
	at org.junit.jupiter.engine.descriptor.ClassBasedTestDescriptor.invokeTestInstancePostProcessors(ClassBasedTestDescriptor.java:377) ~[junit-jupiter-engine-5.10.5.jar:5.10.5]
	at org.junit.jupiter.engine.descriptor.ClassBasedTestDescriptor.lambda$instantiateAndPostProcessTestInstance$6(ClassBasedTestDescriptor.java:290) ~[junit-jupiter-engine-5.10.5.jar:5.10.5]
	at org.junit.platform.engine.support.hierarchical.ThrowableCollector.execute(ThrowableCollector.java:73) ~[junit-platform-engine-1.10.5.jar:1.10.5]
	at org.junit.jupiter.engine.descriptor.ClassBasedTestDescriptor.instantiateAndPostProcessTestInstance(ClassBasedTestDescriptor.java:289) ~[junit-jupiter-engine-5.10.5.jar:5.10.5]
	at org.junit.jupiter.engine.descriptor.ClassBasedTestDescriptor.lambda$testInstancesProvider$4(ClassBasedTestDescriptor.java:279) ~[junit-jupiter-engine-5.10.5.jar:5.10.5]
	at java.base/java.util.Optional.orElseGet(Optional.java:364) ~[na:na]
	at org.junit.jupiter.engine.descriptor.ClassBasedTestDescriptor.lambda$testInstancesProvider$5(ClassBasedTestDescriptor.java:278) ~[junit-jupiter-engine-5.10.5.jar:5.10.5]
	at org.junit.jupiter.engine.execution.TestInstancesProvider.getTestInstances(TestInstancesProvider.java:31) ~[junit-jupiter-engine-5.10.5.jar:5.10.5]
	at org.junit.jupiter.engine.descriptor.TestMethodTestDescriptor.lambda$prepare$0(TestMethodTestDescriptor.java:106) ~[junit-jupiter-engine-5.10.5.jar:5.10.5]
	at org.junit.platform.engine.support.hierarchical.ThrowableCollector.execute(ThrowableCollector.java:73) ~[junit-platform-engine-1.10.5.jar:1.10.5]
	at org.junit.jupiter.engine.descriptor.TestMethodTestDescriptor.prepare(TestMethodTestDescriptor.java:105) ~[junit-jupiter-engine-5.10.5.jar:5.10.5]
	at org.junit.jupiter.engine.descriptor.TestMethodTestDescriptor.prepare(TestMethodTestDescriptor.java:69) ~[junit-jupiter-engine-5.10.5.jar:5.10.5]
	at org.junit.platform.engine.support.hierarchical.NodeTestTask.lambda$prepare$2(NodeTestTask.java:128) ~[junit-platform-engine-1.10.5.jar:1.10.5]
	at org.junit.platform.engine.support.hierarchical.ThrowableCollector.execute(ThrowableCollector.java:73) ~[junit-platform-engine-1.10.5.jar:1.10.5]
	at org.junit.platform.engine.support.hierarchical.NodeTestTask.prepare(NodeTestTask.java:128) ~[junit-platform-engine-1.10.5.jar:1.10.5]
	at org.junit.platform.engine.support.hierarchical.NodeTestTask.execute(NodeTestTask.java:95) ~[junit-platform-engine-1.10.5.jar:1.10.5]
	at java.base/java.util.ArrayList.forEach(ArrayList.java:1597) ~[na:na]
	at org.junit.platform.engine.support.hierarchical.SameThreadHierarchicalTestExecutorService.invokeAll(SameThreadHierarchicalTestExecutorService.java:41) ~[junit-platform-engine-1.10.5.jar:1.10.5]
	at org.junit.platform.engine.support.hierarchical.NodeTestTask.lambda$executeRecursively$6(NodeTestTask.java:160) ~[junit-platform-engine-1.10.5.jar:1.10.5]
	at org.junit.platform.engine.support.hierarchical.ThrowableCollector.execute(ThrowableCollector.java:73) ~[junit-platform-engine-1.10.5.jar:1.10.5]
	at org.junit.platform.engine.support.hierarchical.NodeTestTask.lambda$executeRecursively$8(NodeTestTask.java:146) ~[junit-platform-engine-1.10.5.jar:1.10.5]
	at org.junit.platform.engine.support.hierarchical.Node.around(Node.java:137) ~[junit-platform-engine-1.10.5.jar:1.10.5]
	at org.junit.platform.engine.support.hierarchical.NodeTestTask.lambda$executeRecursively$9(NodeTestTask.java:144) ~[junit-platform-engine-1.10.5.jar:1.10.5]
	at org.junit.platform.engine.support.hierarchical.ThrowableCollector.execute(ThrowableCollector.java:73) ~[junit-platform-engine-1.10.5.jar:1.10.5]
	at org.junit.platform.engine.support.hierarchical.NodeTestTask.executeRecursively(NodeTestTask.java:143) ~[junit-platform-engine-1.10.5.jar:1.10.5]
	at org.junit.platform.engine.support.hierarchical.NodeTestTask.execute(NodeTestTask.java:100) ~[junit-platform-engine-1.10.5.jar:1.10.5]
	at java.base/java.util.ArrayList.forEach(ArrayList.java:1597) ~[na:na]
	at org.junit.platform.engine.support.hierarchical.SameThreadHierarchicalTestExecutorService.invokeAll(SameThreadHierarchicalTestExecutorService.java:41) ~[junit-platform-engine-1.10.5.jar:1.10.5]
	at org.junit.platform.engine.support.hierarchical.NodeTestTask.lambda$executeRecursively$6(NodeTestTask.java:160) ~[junit-platform-engine-1.10.5.jar:1.10.5]
	at org.junit.platform.engine.support.hierarchical.ThrowableCollector.execute(ThrowableCollector.java:73) ~[junit-platform-engine-1.10.5.jar:1.10.5]
	at org.junit.platform.engine.support.hierarchical.NodeTestTask.lambda$executeRecursively$8(NodeTestTask.java:146) ~[junit-platform-engine-1.10.5.jar:1.10.5]
	at org.junit.platform.engine.support.hierarchical.Node.around(Node.java:137) ~[junit-platform-engine-1.10.5.jar:1.10.5]
	at org.junit.platform.engine.support.hierarchical.NodeTestTask.lambda$executeRecursively$9(NodeTestTask.java:144) ~[junit-platform-engine-1.10.5.jar:1.10.5]
	at org.junit.platform.engine.support.hierarchical.ThrowableCollector.execute(ThrowableCollector.java:73) ~[junit-platform-engine-1.10.5.jar:1.10.5]
	at org.junit.platform.engine.support.hierarchical.NodeTestTask.executeRecursively(NodeTestTask.java:143) ~[junit-platform-engine-1.10.5.jar:1.10.5]
	at org.junit.platform.engine.support.hierarchical.NodeTestTask.execute(NodeTestTask.java:100) ~[junit-platform-engine-1.10.5.jar:1.10.5]
	at org.junit.platform.engine.support.hierarchical.SameThreadHierarchicalTestExecutorService.submit(SameThreadHierarchicalTestExecutorService.java:35) ~[junit-platform-engine-1.10.5.jar:1.10.5]
	at org.junit.platform.engine.support.hierarchical.HierarchicalTestExecutor.execute(HierarchicalTestExecutor.java:57) ~[junit-platform-engine-1.10.5.jar:1.10.5]
	at org.junit.platform.engine.support.hierarchical.HierarchicalTestEngine.execute(HierarchicalTestEngine.java:54) ~[junit-platform-engine-1.10.5.jar:1.10.5]
	at org.junit.platform.launcher.core.EngineExecutionOrchestrator.execute(EngineExecutionOrchestrator.java:198) ~[junit-platform-launcher-1.10.5.jar:1.10.5]
	at org.junit.platform.launcher.core.EngineExecutionOrchestrator.execute(EngineExecutionOrchestrator.java:169) ~[junit-platform-launcher-1.10.5.jar:1.10.5]
	at org.junit.platform.launcher.core.EngineExecutionOrchestrator.execute(EngineExecutionOrchestrator.java:93) ~[junit-platform-launcher-1.10.5.jar:1.10.5]
	at org.junit.platform.launcher.core.EngineExecutionOrchestrator.lambda$execute$0(EngineExecutionOrchestrator.java:58) ~[junit-platform-launcher-1.10.5.jar:1.10.5]
	at org.junit.platform.launcher.core.EngineExecutionOrchestrator.withInterceptedStreams(EngineExecutionOrchestrator.java:141) ~[junit-platform-launcher-1.10.5.jar:1.10.5]
	at org.junit.platform.launcher.core.EngineExecutionOrchestrator.execute(EngineExecutionOrchestrator.java:57) ~[junit-platform-launcher-1.10.5.jar:1.10.5]
	at org.junit.platform.launcher.core.DefaultLauncher.execute(DefaultLauncher.java:103) ~[junit-platform-launcher-1.10.5.jar:1.10.5]
	at org.junit.platform.launcher.core.DefaultLauncher.execute(DefaultLauncher.java:85) ~[junit-platform-launcher-1.10.5.jar:1.10.5]
	at org.junit.platform.launcher.core.DelegatingLauncher.execute(DelegatingLauncher.java:47) ~[junit-platform-launcher-1.10.5.jar:1.10.5]
	at org.apache.maven.surefire.junitplatform.LazyLauncher.execute(LazyLauncher.java:56) ~[surefire-junit-platform-3.2.5.jar:3.2.5]
	at org.apache.maven.surefire.junitplatform.JUnitPlatformProvider.execute(JUnitPlatformProvider.java:184) ~[surefire-junit-platform-3.2.5.jar:3.2.5]
	at org.apache.maven.surefire.junitplatform.JUnitPlatformProvider.invokeAllTests(JUnitPlatformProvider.java:148) ~[surefire-junit-platform-3.2.5.jar:3.2.5]
	at org.apache.maven.surefire.junitplatform.JUnitPlatformProvider.invoke(JUnitPlatformProvider.java:122) ~[surefire-junit-platform-3.2.5.jar:3.2.5]
	at org.apache.maven.surefire.booter.ForkedBooter.runSuitesInProcess(ForkedBooter.java:385) ~[surefire-booter-3.2.5.jar:3.2.5]
	at org.apache.maven.surefire.booter.ForkedBooter.execute(ForkedBooter.java:162) ~[surefire-booter-3.2.5.jar:3.2.5]
	at org.apache.maven.surefire.booter.ForkedBooter.run(ForkedBooter.java:507) ~[surefire-booter-3.2.5.jar:3.2.5]
	at org.apache.maven.surefire.booter.ForkedBooter.main(ForkedBooter.java:495) ~[surefire-booter-3.2.5.jar:3.2.5]

2025-03-03T22:21:23.984-05:00  WARN 98074 --- [promecal] [           main] JpaBaseConfiguration$JpaWebConfiguration : spring.jpa.open-in-view is enabled by default. Therefore, database queries may be performed during view rendering. Explicitly configure spring.jpa.open-in-view to disable this warning
2025-03-03T22:21:24.296-05:00 DEBUG 98074 --- [promecal] [           main] o.s.s.web.DefaultSecurityFilterChain     : Will secure any request with filters: DisableEncodeUrlFilter, WebAsyncManagerIntegrationFilter, SecurityContextHolderFilter, HeaderWriterFilter, CorsFilter, LogoutFilter, JwtAuthenticationFilter, RequestCacheAwareFilter, SecurityContextHolderAwareRequestFilter, AnonymousAuthenticationFilter, SessionManagementFilter, ExceptionTranslationFilter, AuthorizationFilter
2025-03-03T22:21:24.418-05:00 DEBUG 98074 --- [promecal] [           main] .h.v.m.ResourceBundleMessageInterpolator : Loaded expression factory via original TCCL
2025-03-03T22:21:24.419-05:00 DEBUG 98074 --- [promecal] [           main] o.h.v.i.e.AbstractConfigurationImpl      : Setting custom MessageInterpolator of type org.springframework.validation.beanvalidation.LocaleContextMessageInterpolator
2025-03-03T22:21:24.419-05:00 DEBUG 98074 --- [promecal] [           main] o.h.v.i.e.AbstractConfigurationImpl      : Setting custom ConstraintValidatorFactory of type org.springframework.validation.beanvalidation.SpringConstraintValidatorFactory
2025-03-03T22:21:24.420-05:00 DEBUG 98074 --- [promecal] [           main] o.h.v.i.xml.config.ValidationXmlParser   : Trying to load META-INF/validation.xml for XML based Validator configuration.
2025-03-03T22:21:24.420-05:00 DEBUG 98074 --- [promecal] [           main] o.h.v.i.xml.config.ResourceLoaderHelper  : Trying to load META-INF/validation.xml via user class loader
2025-03-03T22:21:24.420-05:00 DEBUG 98074 --- [promecal] [           main] o.h.v.i.xml.config.ResourceLoaderHelper  : Trying to load META-INF/validation.xml via TCCL
2025-03-03T22:21:24.420-05:00 DEBUG 98074 --- [promecal] [           main] o.h.v.i.xml.config.ResourceLoaderHelper  : Trying to load META-INF/validation.xml via Hibernate Validator's class loader
2025-03-03T22:21:24.420-05:00 DEBUG 98074 --- [promecal] [           main] o.h.v.i.xml.config.ValidationXmlParser   : No META-INF/validation.xml found. Using annotation based configuration only.
2025-03-03T22:21:24.420-05:00 DEBUG 98074 --- [promecal] [           main] o.h.v.i.e.resolver.TraversableResolvers  : Found jakarta.persistence.Persistence on classpath containing 'getPersistenceUtil'. Assuming JPA 2 environment. Trying to instantiate JPA aware TraversableResolver
2025-03-03T22:21:24.420-05:00 DEBUG 98074 --- [promecal] [           main] o.h.v.i.e.resolver.TraversableResolvers  : Instantiated JPA aware TraversableResolver of type org.hibernate.validator.internal.engine.resolver.JPATraversableResolver.
2025-03-03T22:21:24.422-05:00 DEBUG 98074 --- [promecal] [           main] .i.e.ValidatorFactoryConfigurationHelper : HV000252: Using org.hibernate.validator.internal.engine.DefaultPropertyNodeNameProvider as property node name provider.
2025-03-03T22:21:24.422-05:00 DEBUG 98074 --- [promecal] [           main] .i.e.ValidatorFactoryConfigurationHelper : HV000234: Using org.springframework.validation.beanvalidation.LocaleContextMessageInterpolator as ValidatorFactory-scoped message interpolator.
2025-03-03T22:21:24.422-05:00 DEBUG 98074 --- [promecal] [           main] .i.e.ValidatorFactoryConfigurationHelper : HV000234: Using org.hibernate.validator.internal.engine.resolver.JPATraversableResolver as ValidatorFactory-scoped traversable resolver.
2025-03-03T22:21:24.422-05:00 DEBUG 98074 --- [promecal] [           main] .i.e.ValidatorFactoryConfigurationHelper : HV000234: Using org.hibernate.validator.internal.util.ExecutableParameterNameProvider as ValidatorFactory-scoped parameter name provider.
2025-03-03T22:21:24.422-05:00 DEBUG 98074 --- [promecal] [           main] .i.e.ValidatorFactoryConfigurationHelper : HV000234: Using org.hibernate.validator.internal.engine.DefaultClockProvider as ValidatorFactory-scoped clock provider.
2025-03-03T22:21:24.422-05:00 DEBUG 98074 --- [promecal] [           main] .i.e.ValidatorFactoryConfigurationHelper : HV000234: Using org.hibernate.validator.internal.engine.scripting.DefaultScriptEvaluatorFactory as ValidatorFactory-scoped script evaluator factory.
2025-03-03T22:21:24.611-05:00  INFO 98074 --- [promecal] [           main] c.s.promecal.PromecalApplicationTests    : Started PromecalApplicationTests in 7.307 seconds (process running for 7.934)
]]></system-out>
    <system-err><![CDATA[WARNING: A Java agent has been loaded dynamically (/Users/gerardoherreragomez/.m2/repository/net/bytebuddy/byte-buddy-agent/1.14.19/byte-buddy-agent-1.14.19.jar)
WARNING: If a serviceability tool is in use, please run with -XX:+EnableDynamicAgentLoading to hide this warning
WARNING: If a serviceability tool is not in use, please run with -Djdk.instrument.traceUsage for more information
WARNING: Dynamic loading of agents will be disallowed by default in a future release
]]></system-err>
  </testcase>
</testsuite>